CRITICAL - 2023-01-25 06:49:43 --> Undefined variable $nama
in APPPATH\Controllers\Pages.php on line 160.
 1 APPPATH\Controllers\Pages.php(160): CodeIgniter\Debug\Exceptions->errorHandler(2, 'Undefined variable $nama', 'APPPATH\\Controllers\\Pages.php', 160)
 2 SYSTEMPATH\CodeIgniter.php(927): App\Controllers\Pages->update_page()
 3 SYSTEMPATH\CodeIgniter.php(482): CodeIgniter\CodeIgniter->runController(Object(App\Controllers\Pages))
 4 SYSTEMPATH\CodeIgniter.php(351): CodeIgniter\CodeIgniter->handleRequest(null, Object(Config\Cache), false)
 5 FCPATH\index.php(67): CodeIgniter\CodeIgniter->run()
CRITICAL - 2023-01-25 06:51:08 --> Undefined array key "nama"
in APPPATH\Controllers\Pages.php on line 155.
 1 APPPATH\Controllers\Pages.php(155): CodeIgniter\Debug\Exceptions->errorHandler(2, 'Undefined array key "nama"', 'APPPATH\\Controllers\\Pages.php', 155)
 2 SYSTEMPATH\CodeIgniter.php(927): App\Controllers\Pages->update_page()
 3 SYSTEMPATH\CodeIgniter.php(482): CodeIgniter\CodeIgniter->runController(Object(App\Controllers\Pages))
 4 SYSTEMPATH\CodeIgniter.php(351): CodeIgniter\CodeIgniter->handleRequest(null, Object(Config\Cache), false)
 5 FCPATH\index.php(67): CodeIgniter\CodeIgniter->run()
CRITICAL - 2023-01-25 09:44:04 --> file_get_contents(): php_network_getaddresses: getaddrinfo for www.google.com failed: No such host is known. 
in APPPATH\Controllers\LoginValidation.php on line 35.
 1 [internal function]: CodeIgniter\Debug\Exceptions->errorHandler(2, 'file_get_contents(): php_network_getaddresses: getaddrinfo for www.google.com failed: No such host is known. ', 'APPPATH\\Controllers\\LoginValidation.php', 35)
 2 APPPATH\Controllers\LoginValidation.php(35): file_get_contents('https://www.google.com/recaptcha/api/siteverify?secret=6LcgVKkjAAAAAEJF5xNsorXr0XALZszeyJ8-yhK8&response=')
 3 APPPATH\Controllers\Login.php(100): App\Controllers\LoginValidation->recaptchaValidation('ROOTPATH\\public')
 4 SYSTEMPATH\CodeIgniter.php(927): App\Controllers\Login->index()
 5 SYSTEMPATH\CodeIgniter.php(482): CodeIgniter\CodeIgniter->runController(Object(App\Controllers\Login))
 6 SYSTEMPATH\CodeIgniter.php(351): CodeIgniter\CodeIgniter->handleRequest(null, Object(Config\Cache), false)
 7 FCPATH\index.php(67): CodeIgniter\CodeIgniter->run()
CRITICAL - 2023-01-25 09:44:23 --> file_get_contents(): php_network_getaddresses: getaddrinfo for www.google.com failed: No such host is known. 
in APPPATH\Controllers\LoginValidation.php on line 35.
 1 [internal function]: CodeIgniter\Debug\Exceptions->errorHandler(2, 'file_get_contents(): php_network_getaddresses: getaddrinfo for www.google.com failed: No such host is known. ', 'APPPATH\\Controllers\\LoginValidation.php', 35)
 2 APPPATH\Controllers\LoginValidation.php(35): file_get_contents('https://www.google.com/recaptcha/api/siteverify?secret=6LcgVKkjAAAAAEJF5xNsorXr0XALZszeyJ8-yhK8&response=')
 3 APPPATH\Controllers\Login.php(100): App\Controllers\LoginValidation->recaptchaValidation('ROOTPATH\\public')
 4 SYSTEMPATH\CodeIgniter.php(927): App\Controllers\Login->index()
 5 SYSTEMPATH\CodeIgniter.php(482): CodeIgniter\CodeIgniter->runController(Object(App\Controllers\Login))
 6 SYSTEMPATH\CodeIgniter.php(351): CodeIgniter\CodeIgniter->handleRequest(null, Object(Config\Cache), false)
 7 FCPATH\index.php(67): CodeIgniter\CodeIgniter->run()
