CRITICAL - 2023-02-17 16:03:55 --> Undefined variable $subcat
in APPPATH\Controllers\Pages.php on line 223.
 1 APPPATH\Controllers\Pages.php(223): CodeIgniter\Debug\Exceptions->errorHandler(2, 'Undefined variable $subcat', 'APPPATH\\Controllers\\Pages.php', 223)
 2 SYSTEMPATH\CodeIgniter.php(927): App\Controllers\Pages->tambah_subcat()
 3 SYSTEMPATH\CodeIgniter.php(482): CodeIgniter\CodeIgniter->runController(Object(App\Controllers\Pages))
 4 SYSTEMPATH\CodeIgniter.php(351): CodeIgniter\CodeIgniter->handleRequest(null, Object(Config\Cache), false)
 5 FCPATH\index.php(67): CodeIgniter\CodeIgniter->run()
CRITICAL - 2023-02-17 19:17:02 --> Cannot redeclare App\Controllers\Pages::deleted_page()
in APPPATH\Controllers\Pages.php on line 249.
 1 [internal function]: CodeIgniter\Debug\Exceptions->shutdownHandler()
ERROR - 2023-02-17 22:37:16 --> mysqli_sql_exception: You have an error in your SQL syntax; check the manual that corresponds to your MySQL server version for the right syntax to use near ', sub_category.id)  as sub_category
FROM `category`
LEFT JOIN `sub_category` ON ' at line 1 in D:\D\web\ci4FrontEndWisata\vendor\codeigniter4\framework\system\Database\MySQLi\Connection.php:292
Stack trace:
#0 D:\D\web\ci4FrontEndWisata\vendor\codeigniter4\framework\system\Database\MySQLi\Connection.php(292): mysqli->query('SELECT `categor...', 0)
#1 D:\D\web\ci4FrontEndWisata\vendor\codeigniter4\framework\system\Database\BaseConnection.php(666): CodeIgniter\Database\MySQLi\Connection->execute('SELECT `categor...')
#2 D:\D\web\ci4FrontEndWisata\vendor\codeigniter4\framework\system\Database\BaseConnection.php(593): CodeIgniter\Database\BaseConnection->simpleQuery('SELECT `categor...')
#3 D:\D\web\ci4FrontEndWisata\vendor\codeigniter4\framework\system\Database\BaseBuilder.php(1585): CodeIgniter\Database\BaseConnection->query('SELECT `categor...', Array, false)
#4 D:\D\web\ci4FrontEndWisata\vendor\codeigniter4\framework\system\Model.php(772): CodeIgniter\Database\BaseBuilder->get()
#5 D:\D\web\ci4FrontEndWisata\app\Controllers\Pages.php(182): CodeIgniter\Model->__call('get', Array)
#6 D:\D\web\ci4FrontEndWisata\vendor\codeigniter4\framework\system\CodeIgniter.php(927): App\Controllers\Pages->cat_list()
#7 D:\D\web\ci4FrontEndWisata\vendor\codeigniter4\framework\system\CodeIgniter.php(482): CodeIgniter\CodeIgniter->runController(Object(App\Controllers\Pages))
#8 D:\D\web\ci4FrontEndWisata\vendor\codeigniter4\framework\system\CodeIgniter.php(351): CodeIgniter\CodeIgniter->handleRequest(NULL, Object(Config\Cache), false)
#9 D:\D\web\ci4FrontEndWisata\public\index.php(67): CodeIgniter\CodeIgniter->run()
#10 {main}
CRITICAL - 2023-02-17 22:37:16 --> You have an error in your SQL syntax; check the manual that corresponds to your MySQL server version for the right syntax to use near ', sub_category.id)  as sub_category
FROM `category`
LEFT JOIN `sub_category` ON ' at line 1
in SYSTEMPATH\Database\MySQLi\Connection.php on line 292.
 1 SYSTEMPATH\Database\MySQLi\Connection.php(292): mysqli->query('SELECT `category`.`id` as `cat_id`, `category`.`page_id` as `page_id`, `category`.`category` as `category`, `sub_category`.`id` as `sub_cat_id`, JSON_ARRAYAGG(sub_category.sub_category, sub_category.id)  as sub_category
FROM `category`
LEFT JOIN `sub_category` ON `category`.`id` =`sub_category`.`category_id`
WHERE `page_id` = \'6\'
GROUP BY `category`.`category`', 0)
 2 SYSTEMPATH\Database\BaseConnection.php(666): CodeIgniter\Database\MySQLi\Connection->execute('SELECT `category`.`id` as `cat_id`, `category`.`page_id` as `page_id`, `category`.`category` as `category`, `sub_category`.`id` as `sub_cat_id`, JSON_ARRAYAGG(sub_category.sub_category, sub_category.id)  as sub_category
FROM `category`
LEFT JOIN `sub_category` ON `category`.`id` =`sub_category`.`category_id`
WHERE `page_id` = \'6\'
GROUP BY `category`.`category`')
 3 SYSTEMPATH\Database\BaseConnection.php(593): CodeIgniter\Database\BaseConnection->simpleQuery('SELECT `category`.`id` as `cat_id`, `category`.`page_id` as `page_id`, `category`.`category` as `category`, `sub_category`.`id` as `sub_cat_id`, JSON_ARRAYAGG(sub_category.sub_category, sub_category.id)  as sub_category
FROM `category`
LEFT JOIN `sub_category` ON `category`.`id` =`sub_category`.`category_id`
WHERE `page_id` = \'6\'
GROUP BY `category`.`category`')
 4 SYSTEMPATH\Database\BaseBuilder.php(1585): CodeIgniter\Database\BaseConnection->query('SELECT `category`.`id` as `cat_id`, `category`.`page_id` as `page_id`, `category`.`category` as `category`, `sub_category`.`id` as `sub_cat_id`, JSON_ARRAYAGG(sub_category.sub_category, sub_category.id)  as sub_category
FROM `category`
LEFT JOIN `sub_category` ON `category`.`id` =`sub_category`.`category_id`
WHERE `page_id` = :page_id:
GROUP BY `category`.`category`', [...], false)
 5 SYSTEMPATH\Model.php(772): CodeIgniter\Database\BaseBuilder->get()
 6 APPPATH\Controllers\Pages.php(182): CodeIgniter\Model->__call('get', [])
 7 SYSTEMPATH\CodeIgniter.php(927): App\Controllers\Pages->cat_list()
 8 SYSTEMPATH\CodeIgniter.php(482): CodeIgniter\CodeIgniter->runController(Object(App\Controllers\Pages))
 9 SYSTEMPATH\CodeIgniter.php(351): CodeIgniter\CodeIgniter->handleRequest(null, Object(Config\Cache), false)
10 FCPATH\index.php(67): CodeIgniter\CodeIgniter->run()
ERROR - 2023-02-17 22:37:25 --> mysqli_sql_exception: You have an error in your SQL syntax; check the manual that corresponds to your MySQL server version for the right syntax to use near ', sub_category.id)  as sub_category
FROM `category`
LEFT JOIN `sub_category` ON ' at line 1 in D:\D\web\ci4FrontEndWisata\vendor\codeigniter4\framework\system\Database\MySQLi\Connection.php:292
Stack trace:
#0 D:\D\web\ci4FrontEndWisata\vendor\codeigniter4\framework\system\Database\MySQLi\Connection.php(292): mysqli->query('SELECT `categor...', 0)
#1 D:\D\web\ci4FrontEndWisata\vendor\codeigniter4\framework\system\Database\BaseConnection.php(666): CodeIgniter\Database\MySQLi\Connection->execute('SELECT `categor...')
#2 D:\D\web\ci4FrontEndWisata\vendor\codeigniter4\framework\system\Database\BaseConnection.php(593): CodeIgniter\Database\BaseConnection->simpleQuery('SELECT `categor...')
#3 D:\D\web\ci4FrontEndWisata\vendor\codeigniter4\framework\system\Database\BaseBuilder.php(1585): CodeIgniter\Database\BaseConnection->query('SELECT `categor...', Array, false)
#4 D:\D\web\ci4FrontEndWisata\vendor\codeigniter4\framework\system\Model.php(772): CodeIgniter\Database\BaseBuilder->get()
#5 D:\D\web\ci4FrontEndWisata\app\Controllers\Pages.php(182): CodeIgniter\Model->__call('get', Array)
#6 D:\D\web\ci4FrontEndWisata\vendor\codeigniter4\framework\system\CodeIgniter.php(927): App\Controllers\Pages->cat_list()
#7 D:\D\web\ci4FrontEndWisata\vendor\codeigniter4\framework\system\CodeIgniter.php(482): CodeIgniter\CodeIgniter->runController(Object(App\Controllers\Pages))
#8 D:\D\web\ci4FrontEndWisata\vendor\codeigniter4\framework\system\CodeIgniter.php(351): CodeIgniter\CodeIgniter->handleRequest(NULL, Object(Config\Cache), false)
#9 D:\D\web\ci4FrontEndWisata\public\index.php(67): CodeIgniter\CodeIgniter->run()
#10 {main}
CRITICAL - 2023-02-17 22:37:25 --> You have an error in your SQL syntax; check the manual that corresponds to your MySQL server version for the right syntax to use near ', sub_category.id)  as sub_category
FROM `category`
LEFT JOIN `sub_category` ON ' at line 1
in SYSTEMPATH\Database\MySQLi\Connection.php on line 292.
 1 SYSTEMPATH\Database\MySQLi\Connection.php(292): mysqli->query('SELECT `category`.`id` as `cat_id`, `category`.`page_id` as `page_id`, `category`.`category` as `category`, `sub_category`.`id` as `sub_cat_id`, JSON_ARRAYAGG(sub_category.sub_category, sub_category.id)  as sub_category
FROM `category`
LEFT JOIN `sub_category` ON `category`.`id` =`sub_category`.`category_id`
WHERE `page_id` = \'1\'
GROUP BY `category`.`category`', 0)
 2 SYSTEMPATH\Database\BaseConnection.php(666): CodeIgniter\Database\MySQLi\Connection->execute('SELECT `category`.`id` as `cat_id`, `category`.`page_id` as `page_id`, `category`.`category` as `category`, `sub_category`.`id` as `sub_cat_id`, JSON_ARRAYAGG(sub_category.sub_category, sub_category.id)  as sub_category
FROM `category`
LEFT JOIN `sub_category` ON `category`.`id` =`sub_category`.`category_id`
WHERE `page_id` = \'1\'
GROUP BY `category`.`category`')
 3 SYSTEMPATH\Database\BaseConnection.php(593): CodeIgniter\Database\BaseConnection->simpleQuery('SELECT `category`.`id` as `cat_id`, `category`.`page_id` as `page_id`, `category`.`category` as `category`, `sub_category`.`id` as `sub_cat_id`, JSON_ARRAYAGG(sub_category.sub_category, sub_category.id)  as sub_category
FROM `category`
LEFT JOIN `sub_category` ON `category`.`id` =`sub_category`.`category_id`
WHERE `page_id` = \'1\'
GROUP BY `category`.`category`')
 4 SYSTEMPATH\Database\BaseBuilder.php(1585): CodeIgniter\Database\BaseConnection->query('SELECT `category`.`id` as `cat_id`, `category`.`page_id` as `page_id`, `category`.`category` as `category`, `sub_category`.`id` as `sub_cat_id`, JSON_ARRAYAGG(sub_category.sub_category, sub_category.id)  as sub_category
FROM `category`
LEFT JOIN `sub_category` ON `category`.`id` =`sub_category`.`category_id`
WHERE `page_id` = :page_id:
GROUP BY `category`.`category`', [...], false)
 5 SYSTEMPATH\Model.php(772): CodeIgniter\Database\BaseBuilder->get()
 6 APPPATH\Controllers\Pages.php(182): CodeIgniter\Model->__call('get', [])
 7 SYSTEMPATH\CodeIgniter.php(927): App\Controllers\Pages->cat_list()
 8 SYSTEMPATH\CodeIgniter.php(482): CodeIgniter\CodeIgniter->runController(Object(App\Controllers\Pages))
 9 SYSTEMPATH\CodeIgniter.php(351): CodeIgniter\CodeIgniter->handleRequest(null, Object(Config\Cache), false)
10 FCPATH\index.php(67): CodeIgniter\CodeIgniter->run()
ERROR - 2023-02-17 22:39:43 --> mysqli_sql_exception: You have an error in your SQL syntax; check the manual that corresponds to your MySQL server version for the right syntax to use near ': sub_category.sub_category)  as sub_category
FROM `category`
LEFT JOIN `sub_cat' at line 1 in D:\D\web\ci4FrontEndWisata\vendor\codeigniter4\framework\system\Database\MySQLi\Connection.php:292
Stack trace:
#0 D:\D\web\ci4FrontEndWisata\vendor\codeigniter4\framework\system\Database\MySQLi\Connection.php(292): mysqli->query('SELECT `categor...', 0)
#1 D:\D\web\ci4FrontEndWisata\vendor\codeigniter4\framework\system\Database\BaseConnection.php(666): CodeIgniter\Database\MySQLi\Connection->execute('SELECT `categor...')
#2 D:\D\web\ci4FrontEndWisata\vendor\codeigniter4\framework\system\Database\BaseConnection.php(593): CodeIgniter\Database\BaseConnection->simpleQuery('SELECT `categor...')
#3 D:\D\web\ci4FrontEndWisata\vendor\codeigniter4\framework\system\Database\BaseBuilder.php(1585): CodeIgniter\Database\BaseConnection->query('SELECT `categor...', Array, false)
#4 D:\D\web\ci4FrontEndWisata\vendor\codeigniter4\framework\system\Model.php(772): CodeIgniter\Database\BaseBuilder->get()
#5 D:\D\web\ci4FrontEndWisata\app\Controllers\Pages.php(182): CodeIgniter\Model->__call('get', Array)
#6 D:\D\web\ci4FrontEndWisata\vendor\codeigniter4\framework\system\CodeIgniter.php(927): App\Controllers\Pages->cat_list()
#7 D:\D\web\ci4FrontEndWisata\vendor\codeigniter4\framework\system\CodeIgniter.php(482): CodeIgniter\CodeIgniter->runController(Object(App\Controllers\Pages))
#8 D:\D\web\ci4FrontEndWisata\vendor\codeigniter4\framework\system\CodeIgniter.php(351): CodeIgniter\CodeIgniter->handleRequest(NULL, Object(Config\Cache), false)
#9 D:\D\web\ci4FrontEndWisata\public\index.php(67): CodeIgniter\CodeIgniter->run()
#10 {main}
CRITICAL - 2023-02-17 22:39:43 --> You have an error in your SQL syntax; check the manual that corresponds to your MySQL server version for the right syntax to use near ': sub_category.sub_category)  as sub_category
FROM `category`
LEFT JOIN `sub_cat' at line 1
in SYSTEMPATH\Database\MySQLi\Connection.php on line 292.
 1 SYSTEMPATH\Database\MySQLi\Connection.php(292): mysqli->query('SELECT `category`.`id` as `cat_id`, `category`.`page_id` as `page_id`, `category`.`category` as `category`, `sub_category`.`id` as `sub_cat_id`, JSON_ARRAYAGG(sub_category.id : sub_category.sub_category)  as sub_category
FROM `category`
LEFT JOIN `sub_category` ON `category`.`id` =`sub_category`.`category_id`
WHERE `page_id` = \'6\'
GROUP BY `category`.`category`', 0)
 2 SYSTEMPATH\Database\BaseConnection.php(666): CodeIgniter\Database\MySQLi\Connection->execute('SELECT `category`.`id` as `cat_id`, `category`.`page_id` as `page_id`, `category`.`category` as `category`, `sub_category`.`id` as `sub_cat_id`, JSON_ARRAYAGG(sub_category.id : sub_category.sub_category)  as sub_category
FROM `category`
LEFT JOIN `sub_category` ON `category`.`id` =`sub_category`.`category_id`
WHERE `page_id` = \'6\'
GROUP BY `category`.`category`')
 3 SYSTEMPATH\Database\BaseConnection.php(593): CodeIgniter\Database\BaseConnection->simpleQuery('SELECT `category`.`id` as `cat_id`, `category`.`page_id` as `page_id`, `category`.`category` as `category`, `sub_category`.`id` as `sub_cat_id`, JSON_ARRAYAGG(sub_category.id : sub_category.sub_category)  as sub_category
FROM `category`
LEFT JOIN `sub_category` ON `category`.`id` =`sub_category`.`category_id`
WHERE `page_id` = \'6\'
GROUP BY `category`.`category`')
 4 SYSTEMPATH\Database\BaseBuilder.php(1585): CodeIgniter\Database\BaseConnection->query('SELECT `category`.`id` as `cat_id`, `category`.`page_id` as `page_id`, `category`.`category` as `category`, `sub_category`.`id` as `sub_cat_id`, JSON_ARRAYAGG(sub_category.id : sub_category.sub_category)  as sub_category
FROM `category`
LEFT JOIN `sub_category` ON `category`.`id` =`sub_category`.`category_id`
WHERE `page_id` = :page_id:
GROUP BY `category`.`category`', [...], false)
 5 SYSTEMPATH\Model.php(772): CodeIgniter\Database\BaseBuilder->get()
 6 APPPATH\Controllers\Pages.php(182): CodeIgniter\Model->__call('get', [])
 7 SYSTEMPATH\CodeIgniter.php(927): App\Controllers\Pages->cat_list()
 8 SYSTEMPATH\CodeIgniter.php(482): CodeIgniter\CodeIgniter->runController(Object(App\Controllers\Pages))
 9 SYSTEMPATH\CodeIgniter.php(351): CodeIgniter\CodeIgniter->handleRequest(null, Object(Config\Cache), false)
10 FCPATH\index.php(67): CodeIgniter\CodeIgniter->run()
ERROR - 2023-02-17 22:39:55 --> mysqli_sql_exception: You have an error in your SQL syntax; check the manual that corresponds to your MySQL server version for the right syntax to use near ', sub_category.sub_category)  as sub_category
FROM `category`
LEFT JOIN `sub_cat' at line 1 in D:\D\web\ci4FrontEndWisata\vendor\codeigniter4\framework\system\Database\MySQLi\Connection.php:292
Stack trace:
#0 D:\D\web\ci4FrontEndWisata\vendor\codeigniter4\framework\system\Database\MySQLi\Connection.php(292): mysqli->query('SELECT `categor...', 0)
#1 D:\D\web\ci4FrontEndWisata\vendor\codeigniter4\framework\system\Database\BaseConnection.php(666): CodeIgniter\Database\MySQLi\Connection->execute('SELECT `categor...')
#2 D:\D\web\ci4FrontEndWisata\vendor\codeigniter4\framework\system\Database\BaseConnection.php(593): CodeIgniter\Database\BaseConnection->simpleQuery('SELECT `categor...')
#3 D:\D\web\ci4FrontEndWisata\vendor\codeigniter4\framework\system\Database\BaseBuilder.php(1585): CodeIgniter\Database\BaseConnection->query('SELECT `categor...', Array, false)
#4 D:\D\web\ci4FrontEndWisata\vendor\codeigniter4\framework\system\Model.php(772): CodeIgniter\Database\BaseBuilder->get()
#5 D:\D\web\ci4FrontEndWisata\app\Controllers\Pages.php(182): CodeIgniter\Model->__call('get', Array)
#6 D:\D\web\ci4FrontEndWisata\vendor\codeigniter4\framework\system\CodeIgniter.php(927): App\Controllers\Pages->cat_list()
#7 D:\D\web\ci4FrontEndWisata\vendor\codeigniter4\framework\system\CodeIgniter.php(482): CodeIgniter\CodeIgniter->runController(Object(App\Controllers\Pages))
#8 D:\D\web\ci4FrontEndWisata\vendor\codeigniter4\framework\system\CodeIgniter.php(351): CodeIgniter\CodeIgniter->handleRequest(NULL, Object(Config\Cache), false)
#9 D:\D\web\ci4FrontEndWisata\public\index.php(67): CodeIgniter\CodeIgniter->run()
#10 {main}
CRITICAL - 2023-02-17 22:39:55 --> You have an error in your SQL syntax; check the manual that corresponds to your MySQL server version for the right syntax to use near ', sub_category.sub_category)  as sub_category
FROM `category`
LEFT JOIN `sub_cat' at line 1
in SYSTEMPATH\Database\MySQLi\Connection.php on line 292.
 1 SYSTEMPATH\Database\MySQLi\Connection.php(292): mysqli->query('SELECT `category`.`id` as `cat_id`, `category`.`page_id` as `page_id`, `category`.`category` as `category`, `sub_category`.`id` as `sub_cat_id`, JSON_ARRAYAGG(sub_category.id, sub_category.sub_category)  as sub_category
FROM `category`
LEFT JOIN `sub_category` ON `category`.`id` =`sub_category`.`category_id`
WHERE `page_id` = \'6\'
GROUP BY `category`.`category`', 0)
 2 SYSTEMPATH\Database\BaseConnection.php(666): CodeIgniter\Database\MySQLi\Connection->execute('SELECT `category`.`id` as `cat_id`, `category`.`page_id` as `page_id`, `category`.`category` as `category`, `sub_category`.`id` as `sub_cat_id`, JSON_ARRAYAGG(sub_category.id, sub_category.sub_category)  as sub_category
FROM `category`
LEFT JOIN `sub_category` ON `category`.`id` =`sub_category`.`category_id`
WHERE `page_id` = \'6\'
GROUP BY `category`.`category`')
 3 SYSTEMPATH\Database\BaseConnection.php(593): CodeIgniter\Database\BaseConnection->simpleQuery('SELECT `category`.`id` as `cat_id`, `category`.`page_id` as `page_id`, `category`.`category` as `category`, `sub_category`.`id` as `sub_cat_id`, JSON_ARRAYAGG(sub_category.id, sub_category.sub_category)  as sub_category
FROM `category`
LEFT JOIN `sub_category` ON `category`.`id` =`sub_category`.`category_id`
WHERE `page_id` = \'6\'
GROUP BY `category`.`category`')
 4 SYSTEMPATH\Database\BaseBuilder.php(1585): CodeIgniter\Database\BaseConnection->query('SELECT `category`.`id` as `cat_id`, `category`.`page_id` as `page_id`, `category`.`category` as `category`, `sub_category`.`id` as `sub_cat_id`, JSON_ARRAYAGG(sub_category.id, sub_category.sub_category)  as sub_category
FROM `category`
LEFT JOIN `sub_category` ON `category`.`id` =`sub_category`.`category_id`
WHERE `page_id` = :page_id:
GROUP BY `category`.`category`', [...], false)
 5 SYSTEMPATH\Model.php(772): CodeIgniter\Database\BaseBuilder->get()
 6 APPPATH\Controllers\Pages.php(182): CodeIgniter\Model->__call('get', [])
 7 SYSTEMPATH\CodeIgniter.php(927): App\Controllers\Pages->cat_list()
 8 SYSTEMPATH\CodeIgniter.php(482): CodeIgniter\CodeIgniter->runController(Object(App\Controllers\Pages))
 9 SYSTEMPATH\CodeIgniter.php(351): CodeIgniter\CodeIgniter->handleRequest(null, Object(Config\Cache), false)
10 FCPATH\index.php(67): CodeIgniter\CodeIgniter->run()
