CRITICAL - 2023-03-23 01:16:27 --> syntax error, unexpected variable "$from_email"
in APPPATH\Controllers\ClientLogin.php on line 293.
 1 SYSTEMPATH\Autoloader\Autoloader.php(259): CodeIgniter\Autoloader\Autoloader->includeFile('APPPATH\\Controllers\\ClientLogin.php')
 2 SYSTEMPATH\Autoloader\Autoloader.php(237): CodeIgniter\Autoloader\Autoloader->loadInNamespace('App\\Controllers\\ClientLogin')
 3 [internal function]: CodeIgniter\Autoloader\Autoloader->loadClass('App\\Controllers\\ClientLogin')
 4 SYSTEMPATH\CodeIgniter.php(877): class_exists('\\App\\Controllers\\ClientLogin', true)
 5 SYSTEMPATH\CodeIgniter.php(469): CodeIgniter\CodeIgniter->startController()
 6 SYSTEMPATH\CodeIgniter.php(351): CodeIgniter\CodeIgniter->handleRequest(null, Object(Config\Cache), false)
 7 FCPATH\index.php(67): CodeIgniter\CodeIgniter->run()
ERROR - 2023-03-23 01:17:31 --> Email: sendWithMail throwed ErrorException: mail(): Failed to connect to mailserver at &quot;localhost&quot; port 25, verify your &quot;SMTP&quot; and &quot;smtp_port&quot; setting in php.ini or use ini_set() in D:\D\web\ppa-its\vendor\codeigniter4\framework\system\Email\Email.php:1730
Stack trace:
#0 [internal function]: CodeIgniter\Debug\Exceptions->errorHandler(2, 'mail(): Failed ...', 'D:\\D\\web\\ppa-it...', 1730)
#1 D:\D\web\ppa-its\vendor\codeigniter4\framework\system\Email\Email.php(1730): mail('suluharwani007@...', '=?UTF-8?Q?Verif...', 'Dear User,<br /...', 'Date: Thu, 23 M...', '-f suluh@cendra...')
#2 D:\D\web\ppa-its\vendor\codeigniter4\framework\system\Email\Email.php(1662): CodeIgniter\Email\Email->sendWithMail()
#3 D:\D\web\ppa-its\vendor\codeigniter4\framework\system\Email\Email.php(1560): CodeIgniter\Email\Email->spoolEmail()
#4 D:\D\web\ppa-its\app\Controllers\ClientLogin.php(308): CodeIgniter\Email\Email->send()
#5 D:\D\web\ppa-its\vendor\codeigniter4\framework\system\CodeIgniter.php(927): App\Controllers\ClientLogin->sendEmail()
#6 D:\D\web\ppa-its\vendor\codeigniter4\framework\system\CodeIgniter.php(482): CodeIgniter\CodeIgniter->runController(Object(App\Controllers\ClientLogin))
#7 D:\D\web\ppa-its\vendor\codeigniter4\framework\system\CodeIgniter.php(351): CodeIgniter\CodeIgniter->handleRequest(NULL, Object(Config\Cache), false)
#8 D:\D\web\ppa-its\public\index.php(67): CodeIgniter\CodeIgniter->run()
#9 {main}
ERROR - 2023-03-23 01:17:31 --> Email: Unable to send email using PHP mail(). Your server might not be configured to send mail using this method.
ERROR - 2023-03-23 01:17:31 --> 
