CRITICAL - 2023-03-22 01:08:14 --> unlink(assets/upload/tinymce/image/1679418118_5241476f7ba04c1bde6d.png): No such file or directory
in APPPATH\Controllers\StaticPages.php on line 435.
 1 [internal function]: CodeIgniter\Debug\Exceptions->errorHandler(2, 'unlink(assets/upload/tinymce/image/1679418118_5241476f7ba04c1bde6d.png): No such file or directory', 'APPPATH\\Controllers\\StaticPages.php', 435)
 2 APPPATH\Controllers\StaticPages.php(435): unlink('assets/upload/tinymce/image/1679418118_5241476f7ba04c1bde6d.png')
 3 SYSTEMPATH\CodeIgniter.php(927): App\Controllers\StaticPages->deleteGambar()
 4 SYSTEMPATH\CodeIgniter.php(482): CodeIgniter\CodeIgniter->runController(Object(App\Controllers\StaticPages))
 5 SYSTEMPATH\CodeIgniter.php(351): CodeIgniter\CodeIgniter->handleRequest(null, Object(Config\Cache), false)
 6 FCPATH\index.php(67): CodeIgniter\CodeIgniter->run()
ERROR - 2023-03-22 08:45:28 --> Error connecting to the database: mysqli_sql_exception: No connection could be made because the target machine actively refused it in D:\D\web\ppa-its\vendor\codeigniter4\framework\system\Database\MySQLi\Connection.php:170
Stack trace:
#0 D:\D\web\ppa-its\vendor\codeigniter4\framework\system\Database\MySQLi\Connection.php(170): mysqli->real_connect('localhost', 'root', Object(SensitiveParameterValue), 'ci4', 3306, '', 0)
#1 D:\D\web\ppa-its\vendor\codeigniter4\framework\system\Database\BaseConnection.php(382): CodeIgniter\Database\MySQLi\Connection->connect(false)
#2 D:\D\web\ppa-its\vendor\codeigniter4\framework\system\Database\BaseConnection.php(561): CodeIgniter\Database\BaseConnection->initialize()
#3 D:\D\web\ppa-its\vendor\codeigniter4\framework\system\Database\BaseBuilder.php(1585): CodeIgniter\Database\BaseConnection->query('SELECT *\nFROM `...', Array, false)
#4 D:\D\web\ppa-its\vendor\codeigniter4\framework\system\Model.php(772): CodeIgniter\Database\BaseBuilder->get()
#5 D:\D\web\ppa-its\app\Controllers\Home.php(15): CodeIgniter\Model->__call('get', Array)
#6 D:\D\web\ppa-its\vendor\codeigniter4\framework\system\CodeIgniter.php(927): App\Controllers\Home->menu()
#7 D:\D\web\ppa-its\vendor\codeigniter4\framework\system\CodeIgniter.php(482): CodeIgniter\CodeIgniter->runController(Object(App\Controllers\Home))
#8 D:\D\web\ppa-its\vendor\codeigniter4\framework\system\CodeIgniter.php(351): CodeIgniter\CodeIgniter->handleRequest(NULL, Object(Config\Cache), false)
#9 D:\D\web\ppa-its\public\index.php(67): CodeIgniter\CodeIgniter->run()
#10 {main}

Next CodeIgniter\Database\Exceptions\DatabaseException: No connection could be made because the target machine actively refused it in D:\D\web\ppa-its\vendor\codeigniter4\framework\system\Database\MySQLi\Connection.php:215
Stack trace:
#0 D:\D\web\ppa-its\vendor\codeigniter4\framework\system\Database\BaseConnection.php(382): CodeIgniter\Database\MySQLi\Connection->connect(false)
#1 D:\D\web\ppa-its\vendor\codeigniter4\framework\system\Database\BaseConnection.php(561): CodeIgniter\Database\BaseConnection->initialize()
#2 D:\D\web\ppa-its\vendor\codeigniter4\framework\system\Database\BaseBuilder.php(1585): CodeIgniter\Database\BaseConnection->query('SELECT *\nFROM `...', Array, false)
#3 D:\D\web\ppa-its\vendor\codeigniter4\framework\system\Model.php(772): CodeIgniter\Database\BaseBuilder->get()
#4 D:\D\web\ppa-its\app\Controllers\Home.php(15): CodeIgniter\Model->__call('get', Array)
#5 D:\D\web\ppa-its\vendor\codeigniter4\framework\system\CodeIgniter.php(927): App\Controllers\Home->menu()
#6 D:\D\web\ppa-its\vendor\codeigniter4\framework\system\CodeIgniter.php(482): CodeIgniter\CodeIgniter->runController(Object(App\Controllers\Home))
#7 D:\D\web\ppa-its\vendor\codeigniter4\framework\system\CodeIgniter.php(351): CodeIgniter\CodeIgniter->handleRequest(NULL, Object(Config\Cache), false)
#8 D:\D\web\ppa-its\public\index.php(67): CodeIgniter\CodeIgniter->run()
#9 {main}
CRITICAL - 2023-03-22 08:45:28 --> Unable to connect to the database.
Main connection [MySQLi]: No connection could be made because the target machine actively refused it
in SYSTEMPATH\Database\BaseConnection.php on line 418.
 1 SYSTEMPATH\Database\BaseConnection.php(561): CodeIgniter\Database\BaseConnection->initialize()
 2 SYSTEMPATH\Database\BaseBuilder.php(1585): CodeIgniter\Database\BaseConnection->query('SELECT *
FROM `page`
WHERE `id` != :id:
AND `deleted_at` IS NULL', [...], false)
 3 SYSTEMPATH\Model.php(772): CodeIgniter\Database\BaseBuilder->get()
 4 APPPATH\Controllers\Home.php(15): CodeIgniter\Model->__call('get', [])
 5 SYSTEMPATH\CodeIgniter.php(927): App\Controllers\Home->menu()
 6 SYSTEMPATH\CodeIgniter.php(482): CodeIgniter\CodeIgniter->runController(Object(App\Controllers\Home))
 7 SYSTEMPATH\CodeIgniter.php(351): CodeIgniter\CodeIgniter->handleRequest(null, Object(Config\Cache), false)
 8 FCPATH\index.php(67): CodeIgniter\CodeIgniter->run()
