CRITICAL - 2023-03-24 12:44:55 --> Undefined array key "c_auth"
in APPPATH\Controllers\ClientLogin.php on line 203.
 1 APPPATH\Controllers\ClientLogin.php(203): CodeIgniter\Debug\Exceptions->errorHandler(2, 'Undefined array key "c_auth"', 'APPPATH\\Controllers\\ClientLogin.php', 203)
 2 SYSTEMPATH\CodeIgniter.php(927): App\Controllers\ClientLogin->index()
 3 SYSTEMPATH\CodeIgniter.php(482): CodeIgniter\CodeIgniter->runController(Object(App\Controllers\ClientLogin))
 4 SYSTEMPATH\CodeIgniter.php(351): CodeIgniter\CodeIgniter->handleRequest(null, Object(Config\Cache), false)
 5 FCPATH\index.php(67): CodeIgniter\CodeIgniter->run()
ERROR - 2023-03-24 12:53:05 --> Email: Unable to send email using SMTP. Your server might not be configured to send mail using this method.
ERROR - 2023-03-24 12:53:05 --> 220-iix40.idcloudhost.com ESMTP Exim 4.96 #2 Fri, 24 Mar 2023 12:53:02 +0700 
220-We do not authorize the use of this system to transport unsolicited, 
220 and/or bulk e-mail.

hello: 250-iix40.idcloudhost.com Hello cendratama.com [103.105.28.186]
250-SIZE 52428800
250-8BITMIME
250-PIPELINING
250-PIPECONNECT
250-AUTH PLAIN LOGIN
250 HELP

Failed to authenticate password. Error: 
CRITICAL - 2023-03-24 14:26:54 --> syntax error, unexpected token "}", expecting "," or ";"
in APPPATH\Controllers\Client.php on line 264.
 1 SYSTEMPATH\Autoloader\Autoloader.php(259): CodeIgniter\Autoloader\Autoloader->includeFile('APPPATH\\Controllers\\Client.php')
 2 SYSTEMPATH\Autoloader\Autoloader.php(237): CodeIgniter\Autoloader\Autoloader->loadInNamespace('App\\Controllers\\Client')
 3 [internal function]: CodeIgniter\Autoloader\Autoloader->loadClass('App\\Controllers\\Client')
 4 SYSTEMPATH\CodeIgniter.php(877): class_exists('\\App\\Controllers\\Client', true)
 5 SYSTEMPATH\CodeIgniter.php(469): CodeIgniter\CodeIgniter->startController()
 6 SYSTEMPATH\CodeIgniter.php(351): CodeIgniter\CodeIgniter->handleRequest(null, Object(Config\Cache), false)
 7 FCPATH\index.php(67): CodeIgniter\CodeIgniter->run()
CRITICAL - 2023-03-24 15:06:10 --> Class "Kint\Renderer\Renderer" not found
in APPPATH\Config\Kint.php on line 38.
 1 SYSTEMPATH\Common.php(216): CodeIgniter\Config\Factories::__callStatic('config', [])
 2 SYSTEMPATH\CodeIgniter.php(272): config('Config\\Kint')
 3 SYSTEMPATH\CodeIgniter.php(237): CodeIgniter\CodeIgniter->configureKint()
 4 SYSTEMPATH\CodeIgniter.php(199): CodeIgniter\CodeIgniter->initializeKint()
 5 FCPATH\index.php(55): CodeIgniter\CodeIgniter->initialize()
CRITICAL - 2023-03-24 15:10:47 --> Class "Kint\Renderer\Renderer" not found
in APPPATH\Config\Kint.php on line 38.
 1 SYSTEMPATH\Common.php(216): CodeIgniter\Config\Factories::__callStatic('config', [])
 2 SYSTEMPATH\CodeIgniter.php(272): config('Config\\Kint')
 3 SYSTEMPATH\CodeIgniter.php(237): CodeIgniter\CodeIgniter->configureKint()
 4 SYSTEMPATH\CodeIgniter.php(199): CodeIgniter\CodeIgniter->initializeKint()
 5 FCPATH\index.php(55): CodeIgniter\CodeIgniter->initialize()
CRITICAL - 2023-03-24 15:10:51 --> Class "Kint\Renderer\Renderer" not found
in APPPATH\Config\Kint.php on line 38.
 1 SYSTEMPATH\Common.php(216): CodeIgniter\Config\Factories::__callStatic('config', [])
 2 SYSTEMPATH\CodeIgniter.php(272): config('Config\\Kint')
 3 SYSTEMPATH\CodeIgniter.php(237): CodeIgniter\CodeIgniter->configureKint()
 4 SYSTEMPATH\CodeIgniter.php(199): CodeIgniter\CodeIgniter->initializeKint()
 5 FCPATH\index.php(55): CodeIgniter\CodeIgniter->initialize()
CRITICAL - 2023-03-24 15:10:54 --> Class "Kint\Renderer\Renderer" not found
in APPPATH\Config\Kint.php on line 38.
 1 SYSTEMPATH\Common.php(216): CodeIgniter\Config\Factories::__callStatic('config', [])
 2 SYSTEMPATH\CodeIgniter.php(272): config('Config\\Kint')
 3 SYSTEMPATH\CodeIgniter.php(237): CodeIgniter\CodeIgniter->configureKint()
 4 SYSTEMPATH\CodeIgniter.php(199): CodeIgniter\CodeIgniter->initializeKint()
 5 FCPATH\index.php(55): CodeIgniter\CodeIgniter->initialize()
CRITICAL - 2023-03-24 15:11:20 --> Class "Kint\Renderer\Renderer" not found
in APPPATH\Config\Kint.php on line 38.
 1 SYSTEMPATH\Common.php(216): CodeIgniter\Config\Factories::__callStatic('config', [])
 2 SYSTEMPATH\CodeIgniter.php(272): config('Config\\Kint')
 3 SYSTEMPATH\CodeIgniter.php(237): CodeIgniter\CodeIgniter->configureKint()
 4 SYSTEMPATH\CodeIgniter.php(199): CodeIgniter\CodeIgniter->initializeKint()
 5 FCPATH\index.php(55): CodeIgniter\CodeIgniter->initialize()
CRITICAL - 2023-03-24 15:13:33 --> Cannot modify header information - headers already sent by (output started at D:\D\web\ppa-its\vendor\codeigniter4\framework\system\Debug\Exceptions.php:91)
in SYSTEMPATH\Debug\Toolbar.php on line 449.
 1 [internal function]: CodeIgniter\Debug\Exceptions->errorHandler(2, 'Cannot modify header information - headers already sent by (output started at D:\\D\\web\\ppa-its\\vendor\\codeigniter4\\framework\\system\\Debug\\Exceptions.php:91)', 'SYSTEMPATH\\Debug\\Toolbar.php', 449)
 2 SYSTEMPATH\Debug\Toolbar.php(449): header('Content-Type: application/javascript')
 3 APPPATH\Config\Events.php(46): CodeIgniter\Debug\Toolbar->respond()
 4 SYSTEMPATH\Events\Events.php(149): CodeIgniter\Events\Events::Config\{closure}()
 5 SYSTEMPATH\CodeIgniter.php(350): CodeIgniter\Events\Events::trigger('pre_system')
 6 FCPATH\index.php(67): CodeIgniter\CodeIgniter->run()
ERROR - 2023-03-24 15:17:38 --> mysqli_sql_exception: Duplicate entry '1' for key 'list_access.PRIMARY' in D:\D\web\ppa-its\vendor\codeigniter4\framework\system\Database\MySQLi\Connection.php:295
Stack trace:
#0 D:\D\web\ppa-its\vendor\codeigniter4\framework\system\Database\MySQLi\Connection.php(295): mysqli->query('INSERT INTO `li...', 0)
#1 D:\D\web\ppa-its\vendor\codeigniter4\framework\system\Database\BaseConnection.php(691): CodeIgniter\Database\MySQLi\Connection->execute('INSERT INTO `li...')
#2 D:\D\web\ppa-its\vendor\codeigniter4\framework\system\Database\BaseConnection.php(605): CodeIgniter\Database\BaseConnection->simpleQuery('INSERT INTO `li...')
#3 D:\D\web\ppa-its\app\Database\Seeds\ListAccess.php(11): CodeIgniter\Database\BaseConnection->query('INSERT INTO `li...')
#4 D:\D\web\ppa-its\vendor\codeigniter4\framework\system\Database\Seeder.php(146): App\Database\Seeds\ListAccess->run()
#5 D:\D\web\ppa-its\vendor\codeigniter4\framework\system\Commands\Database\Seed.php(77): CodeIgniter\Database\Seeder->call('App\\Database\\Se...')
#6 D:\D\web\ppa-its\vendor\codeigniter4\framework\system\CLI\Commands.php(65): CodeIgniter\Commands\Database\Seed->run(Array)
#7 D:\D\web\ppa-its\vendor\codeigniter4\framework\system\CLI\Console.php(37): CodeIgniter\CLI\Commands->run('db:seed', Array)
#8 D:\D\web\ppa-its\spark(97): CodeIgniter\CLI\Console->run()
#9 {main}
