CRITICAL - 2023-03-01 11:37:39 --> Invalid file: admin/content/static_page.php
in SYSTEMPATH\Exceptions\FrameworkException.php on line 33.
 1 SYSTEMPATH\View\View.php(201): CodeIgniter\Exceptions\FrameworkException::forInvalidFile('admin/content/static_page.php')
 2 SYSTEMPATH\Common.php(1134): CodeIgniter\View\View->render('admin/content/static_page', [], true)
 3 APPPATH\Controllers\StaticPages.php(44): view('admin/content/static_page')
 4 SYSTEMPATH\CodeIgniter.php(927): App\Controllers\StaticPages->manage()
 5 SYSTEMPATH\CodeIgniter.php(482): CodeIgniter\CodeIgniter->runController(Object(App\Controllers\StaticPages))
 6 SYSTEMPATH\CodeIgniter.php(351): CodeIgniter\CodeIgniter->handleRequest(null, Object(Config\Cache), false)
 7 FCPATH\index.php(67): CodeIgniter\CodeIgniter->run()
ERROR - 2023-03-01 22:50:07 --> mysqli_sql_exception: Table 'partner' already exists in D:\D\web\ci4FrontEndWisata\vendor\codeigniter4\framework\system\Database\MySQLi\Connection.php:292
Stack trace:
#0 D:\D\web\ci4FrontEndWisata\vendor\codeigniter4\framework\system\Database\MySQLi\Connection.php(292): mysqli->query('CREATE TABLE `p...', 0)
#1 D:\D\web\ci4FrontEndWisata\vendor\codeigniter4\framework\system\Database\BaseConnection.php(666): CodeIgniter\Database\MySQLi\Connection->execute('CREATE TABLE `p...')
#2 D:\D\web\ci4FrontEndWisata\vendor\codeigniter4\framework\system\Database\BaseConnection.php(593): CodeIgniter\Database\BaseConnection->simpleQuery('CREATE TABLE `p...')
#3 D:\D\web\ci4FrontEndWisata\vendor\codeigniter4\framework\system\Database\Forge.php(509): CodeIgniter\Database\BaseConnection->query('CREATE TABLE `p...')
#4 D:\D\web\ci4FrontEndWisata\app\Database\Migrations\2023-03-01-074811_Partner.php(56): CodeIgniter\Database\Forge->createTable('partner')
#5 D:\D\web\ci4FrontEndWisata\vendor\codeigniter4\framework\system\Database\MigrationRunner.php(868): App\Database\Migrations\Partner->up()
#6 D:\D\web\ci4FrontEndWisata\vendor\codeigniter4\framework\system\Database\MigrationRunner.php(187): CodeIgniter\Database\MigrationRunner->migrate('up', Object(stdClass))
#7 D:\D\web\ci4FrontEndWisata\vendor\codeigniter4\framework\system\Commands\Database\Migrate.php(84): CodeIgniter\Database\MigrationRunner->latest(NULL)
#8 D:\D\web\ci4FrontEndWisata\vendor\codeigniter4\framework\system\CLI\Commands.php(63): CodeIgniter\Commands\Database\Migrate->run(Array)
#9 D:\D\web\ci4FrontEndWisata\vendor\codeigniter4\framework\system\CLI\CommandRunner.php(65): CodeIgniter\CLI\Commands->run('migrate', Array)
#10 D:\D\web\ci4FrontEndWisata\vendor\codeigniter4\framework\system\CLI\CommandRunner.php(51): CodeIgniter\CLI\CommandRunner->index(Array)
#11 D:\D\web\ci4FrontEndWisata\vendor\codeigniter4\framework\system\CodeIgniter.php(920): CodeIgniter\CLI\CommandRunner->_remap('index', Array)
#12 D:\D\web\ci4FrontEndWisata\vendor\codeigniter4\framework\system\CodeIgniter.php(482): CodeIgniter\CodeIgniter->runController(Object(CodeIgniter\CLI\CommandRunner))
#13 D:\D\web\ci4FrontEndWisata\vendor\codeigniter4\framework\system\CodeIgniter.php(347): CodeIgniter\CodeIgniter->handleRequest(NULL, Object(Config\Cache), false)
#14 D:\D\web\ci4FrontEndWisata\vendor\codeigniter4\framework\system\CLI\Console.php(48): CodeIgniter\CodeIgniter->run()
#15 D:\D\web\ci4FrontEndWisata\spark(98): CodeIgniter\CLI\Console->run()
#16 {main}
ERROR - 2023-03-01 22:51:11 --> mysqli_sql_exception: Table 'partner' already exists in D:\D\web\ci4FrontEndWisata\vendor\codeigniter4\framework\system\Database\MySQLi\Connection.php:292
Stack trace:
#0 D:\D\web\ci4FrontEndWisata\vendor\codeigniter4\framework\system\Database\MySQLi\Connection.php(292): mysqli->query('CREATE TABLE `p...', 0)
#1 D:\D\web\ci4FrontEndWisata\vendor\codeigniter4\framework\system\Database\BaseConnection.php(666): CodeIgniter\Database\MySQLi\Connection->execute('CREATE TABLE `p...')
#2 D:\D\web\ci4FrontEndWisata\vendor\codeigniter4\framework\system\Database\BaseConnection.php(593): CodeIgniter\Database\BaseConnection->simpleQuery('CREATE TABLE `p...')
#3 D:\D\web\ci4FrontEndWisata\vendor\codeigniter4\framework\system\Database\Forge.php(509): CodeIgniter\Database\BaseConnection->query('CREATE TABLE `p...')
#4 D:\D\web\ci4FrontEndWisata\app\Database\Migrations\2023-03-01-074811_Partner.php(56): CodeIgniter\Database\Forge->createTable('partner')
#5 D:\D\web\ci4FrontEndWisata\vendor\codeigniter4\framework\system\Database\MigrationRunner.php(868): App\Database\Migrations\Partner->up()
#6 D:\D\web\ci4FrontEndWisata\vendor\codeigniter4\framework\system\Database\MigrationRunner.php(187): CodeIgniter\Database\MigrationRunner->migrate('up', Object(stdClass))
#7 D:\D\web\ci4FrontEndWisata\vendor\codeigniter4\framework\system\Commands\Database\Migrate.php(84): CodeIgniter\Database\MigrationRunner->latest(NULL)
#8 D:\D\web\ci4FrontEndWisata\vendor\codeigniter4\framework\system\CLI\Commands.php(63): CodeIgniter\Commands\Database\Migrate->run(Array)
#9 D:\D\web\ci4FrontEndWisata\vendor\codeigniter4\framework\system\CLI\CommandRunner.php(65): CodeIgniter\CLI\Commands->run('migrate', Array)
#10 D:\D\web\ci4FrontEndWisata\vendor\codeigniter4\framework\system\CLI\CommandRunner.php(51): CodeIgniter\CLI\CommandRunner->index(Array)
#11 D:\D\web\ci4FrontEndWisata\vendor\codeigniter4\framework\system\CodeIgniter.php(920): CodeIgniter\CLI\CommandRunner->_remap('index', Array)
#12 D:\D\web\ci4FrontEndWisata\vendor\codeigniter4\framework\system\CodeIgniter.php(482): CodeIgniter\CodeIgniter->runController(Object(CodeIgniter\CLI\CommandRunner))
#13 D:\D\web\ci4FrontEndWisata\vendor\codeigniter4\framework\system\CodeIgniter.php(347): CodeIgniter\CodeIgniter->handleRequest(NULL, Object(Config\Cache), false)
#14 D:\D\web\ci4FrontEndWisata\vendor\codeigniter4\framework\system\CLI\Console.php(48): CodeIgniter\CodeIgniter->run()
#15 D:\D\web\ci4FrontEndWisata\spark(98): CodeIgniter\CLI\Console->run()
#16 {main}
ERROR - 2023-03-01 22:51:17 --> mysqli_sql_exception: Table 'partner' already exists in D:\D\web\ci4FrontEndWisata\vendor\codeigniter4\framework\system\Database\MySQLi\Connection.php:292
Stack trace:
#0 D:\D\web\ci4FrontEndWisata\vendor\codeigniter4\framework\system\Database\MySQLi\Connection.php(292): mysqli->query('CREATE TABLE `p...', 0)
#1 D:\D\web\ci4FrontEndWisata\vendor\codeigniter4\framework\system\Database\BaseConnection.php(666): CodeIgniter\Database\MySQLi\Connection->execute('CREATE TABLE `p...')
#2 D:\D\web\ci4FrontEndWisata\vendor\codeigniter4\framework\system\Database\BaseConnection.php(593): CodeIgniter\Database\BaseConnection->simpleQuery('CREATE TABLE `p...')
#3 D:\D\web\ci4FrontEndWisata\vendor\codeigniter4\framework\system\Database\Forge.php(509): CodeIgniter\Database\BaseConnection->query('CREATE TABLE `p...')
#4 D:\D\web\ci4FrontEndWisata\app\Database\Migrations\2023-03-01-074811_Partner.php(56): CodeIgniter\Database\Forge->createTable('partner')
#5 D:\D\web\ci4FrontEndWisata\vendor\codeigniter4\framework\system\Database\MigrationRunner.php(868): App\Database\Migrations\Partner->up()
#6 D:\D\web\ci4FrontEndWisata\vendor\codeigniter4\framework\system\Database\MigrationRunner.php(187): CodeIgniter\Database\MigrationRunner->migrate('up', Object(stdClass))
#7 D:\D\web\ci4FrontEndWisata\vendor\codeigniter4\framework\system\Commands\Database\Migrate.php(84): CodeIgniter\Database\MigrationRunner->latest(NULL)
#8 D:\D\web\ci4FrontEndWisata\vendor\codeigniter4\framework\system\CLI\Commands.php(63): CodeIgniter\Commands\Database\Migrate->run(Array)
#9 D:\D\web\ci4FrontEndWisata\vendor\codeigniter4\framework\system\CLI\BaseCommand.php(112): CodeIgniter\CLI\Commands->run('migrate', Array)
#10 D:\D\web\ci4FrontEndWisata\vendor\codeigniter4\framework\system\Commands\Database\MigrateRefresh.php(85): CodeIgniter\CLI\BaseCommand->call('migrate', Array)
#11 D:\D\web\ci4FrontEndWisata\vendor\codeigniter4\framework\system\CLI\Commands.php(63): CodeIgniter\Commands\Database\MigrateRefresh->run(Array)
#12 D:\D\web\ci4FrontEndWisata\vendor\codeigniter4\framework\system\CLI\CommandRunner.php(65): CodeIgniter\CLI\Commands->run('migrate:refresh', Array)
#13 D:\D\web\ci4FrontEndWisata\vendor\codeigniter4\framework\system\CLI\CommandRunner.php(51): CodeIgniter\CLI\CommandRunner->index(Array)
#14 D:\D\web\ci4FrontEndWisata\vendor\codeigniter4\framework\system\CodeIgniter.php(920): CodeIgniter\CLI\CommandRunner->_remap('index', Array)
#15 D:\D\web\ci4FrontEndWisata\vendor\codeigniter4\framework\system\CodeIgniter.php(482): CodeIgniter\CodeIgniter->runController(Object(CodeIgniter\CLI\CommandRunner))
#16 D:\D\web\ci4FrontEndWisata\vendor\codeigniter4\framework\system\CodeIgniter.php(347): CodeIgniter\CodeIgniter->handleRequest(NULL, Object(Config\Cache), false)
#17 D:\D\web\ci4FrontEndWisata\vendor\codeigniter4\framework\system\CLI\Console.php(48): CodeIgniter\CodeIgniter->run()
#18 D:\D\web\ci4FrontEndWisata\spark(98): CodeIgniter\CLI\Console->run()
#19 {main}
ERROR - 2023-03-01 22:53:09 --> mysqli_sql_exception: Table 'user' already exists in D:\D\web\ci4FrontEndWisata\vendor\codeigniter4\framework\system\Database\MySQLi\Connection.php:292
Stack trace:
#0 D:\D\web\ci4FrontEndWisata\vendor\codeigniter4\framework\system\Database\MySQLi\Connection.php(292): mysqli->query('CREATE TABLE `u...', 0)
#1 D:\D\web\ci4FrontEndWisata\vendor\codeigniter4\framework\system\Database\BaseConnection.php(666): CodeIgniter\Database\MySQLi\Connection->execute('CREATE TABLE `u...')
#2 D:\D\web\ci4FrontEndWisata\vendor\codeigniter4\framework\system\Database\BaseConnection.php(593): CodeIgniter\Database\BaseConnection->simpleQuery('CREATE TABLE `u...')
#3 D:\D\web\ci4FrontEndWisata\vendor\codeigniter4\framework\system\Database\Forge.php(509): CodeIgniter\Database\BaseConnection->query('CREATE TABLE `u...')
#4 D:\D\web\ci4FrontEndWisata\app\Database\Migrations\2022-12-24-182845_User.php(64): CodeIgniter\Database\Forge->createTable('user')
#5 D:\D\web\ci4FrontEndWisata\vendor\codeigniter4\framework\system\Database\MigrationRunner.php(868): App\Database\Migrations\User->up()
#6 D:\D\web\ci4FrontEndWisata\vendor\codeigniter4\framework\system\Database\MigrationRunner.php(187): CodeIgniter\Database\MigrationRunner->migrate('up', Object(stdClass))
#7 D:\D\web\ci4FrontEndWisata\vendor\codeigniter4\framework\system\Commands\Database\Migrate.php(84): CodeIgniter\Database\MigrationRunner->latest(NULL)
#8 D:\D\web\ci4FrontEndWisata\vendor\codeigniter4\framework\system\CLI\Commands.php(63): CodeIgniter\Commands\Database\Migrate->run(Array)
#9 D:\D\web\ci4FrontEndWisata\vendor\codeigniter4\framework\system\CLI\BaseCommand.php(112): CodeIgniter\CLI\Commands->run('migrate', Array)
#10 D:\D\web\ci4FrontEndWisata\vendor\codeigniter4\framework\system\Commands\Database\MigrateRefresh.php(85): CodeIgniter\CLI\BaseCommand->call('migrate', Array)
#11 D:\D\web\ci4FrontEndWisata\vendor\codeigniter4\framework\system\CLI\Commands.php(63): CodeIgniter\Commands\Database\MigrateRefresh->run(Array)
#12 D:\D\web\ci4FrontEndWisata\vendor\codeigniter4\framework\system\CLI\CommandRunner.php(65): CodeIgniter\CLI\Commands->run('migrate:refresh', Array)
#13 D:\D\web\ci4FrontEndWisata\vendor\codeigniter4\framework\system\CLI\CommandRunner.php(51): CodeIgniter\CLI\CommandRunner->index(Array)
#14 D:\D\web\ci4FrontEndWisata\vendor\codeigniter4\framework\system\CodeIgniter.php(920): CodeIgniter\CLI\CommandRunner->_remap('index', Array)
#15 D:\D\web\ci4FrontEndWisata\vendor\codeigniter4\framework\system\CodeIgniter.php(482): CodeIgniter\CodeIgniter->runController(Object(CodeIgniter\CLI\CommandRunner))
#16 D:\D\web\ci4FrontEndWisata\vendor\codeigniter4\framework\system\CodeIgniter.php(347): CodeIgniter\CodeIgniter->handleRequest(NULL, Object(Config\Cache), false)
#17 D:\D\web\ci4FrontEndWisata\vendor\codeigniter4\framework\system\CLI\Console.php(48): CodeIgniter\CodeIgniter->run()
#18 D:\D\web\ci4FrontEndWisata\spark(98): CodeIgniter\CLI\Console->run()
#19 {main}
CRITICAL - 2023-03-01 23:05:09 --> syntax error, unexpected token "else"
in APPPATH\Controllers\StaticPages.php on line 154.
 1 SYSTEMPATH\Autoloader\Autoloader.php(259): CodeIgniter\Autoloader\Autoloader->includeFile('APPPATH\\Controllers\\StaticPages.php')
 2 SYSTEMPATH\Autoloader\Autoloader.php(237): CodeIgniter\Autoloader\Autoloader->loadInNamespace('App\\Controllers\\StaticPages')
 3 [internal function]: CodeIgniter\Autoloader\Autoloader->loadClass('App\\Controllers\\StaticPages')
 4 SYSTEMPATH\CodeIgniter.php(877): class_exists('\\App\\Controllers\\StaticPages', true)
 5 SYSTEMPATH\CodeIgniter.php(469): CodeIgniter\CodeIgniter->startController()
 6 SYSTEMPATH\CodeIgniter.php(351): CodeIgniter\CodeIgniter->handleRequest(null, Object(Config\Cache), false)
 7 FCPATH\index.php(67): CodeIgniter\CodeIgniter->run()
ERROR - 2023-03-01 23:36:03 --> mysqli_sql_exception: Table 'ci4.mdlpartners' doesn't exist in D:\D\web\ci4FrontEndWisata\vendor\codeigniter4\framework\system\Database\MySQLi\Connection.php:292
Stack trace:
#0 D:\D\web\ci4FrontEndWisata\vendor\codeigniter4\framework\system\Database\MySQLi\Connection.php(292): mysqli->query('SELECT *\nFROM `...', 0)
#1 D:\D\web\ci4FrontEndWisata\vendor\codeigniter4\framework\system\Database\BaseConnection.php(666): CodeIgniter\Database\MySQLi\Connection->execute('SELECT *\nFROM `...')
#2 D:\D\web\ci4FrontEndWisata\vendor\codeigniter4\framework\system\Database\BaseConnection.php(593): CodeIgniter\Database\BaseConnection->simpleQuery('SELECT *\nFROM `...')
#3 D:\D\web\ci4FrontEndWisata\vendor\codeigniter4\framework\system\Database\BaseBuilder.php(1585): CodeIgniter\Database\BaseConnection->query('SELECT *\nFROM `...', Array, false)
#4 D:\D\web\ci4FrontEndWisata\vendor\codeigniter4\framework\system\Model.php(772): CodeIgniter\Database\BaseBuilder->get()
#5 D:\D\web\ci4FrontEndWisata\app\Controllers\StaticPages.php(121): CodeIgniter\Model->__call('get', Array)
#6 D:\D\web\ci4FrontEndWisata\vendor\codeigniter4\framework\system\CodeIgniter.php(927): App\Controllers\StaticPages->crud('read')
#7 D:\D\web\ci4FrontEndWisata\vendor\codeigniter4\framework\system\CodeIgniter.php(482): CodeIgniter\CodeIgniter->runController(Object(App\Controllers\StaticPages))
#8 D:\D\web\ci4FrontEndWisata\vendor\codeigniter4\framework\system\CodeIgniter.php(351): CodeIgniter\CodeIgniter->handleRequest(NULL, Object(Config\Cache), false)
#9 D:\D\web\ci4FrontEndWisata\public\index.php(67): CodeIgniter\CodeIgniter->run()
#10 {main}
CRITICAL - 2023-03-01 23:36:03 --> Table 'ci4.mdlpartners' doesn't exist
in SYSTEMPATH\Database\MySQLi\Connection.php on line 292.
 1 SYSTEMPATH\Database\MySQLi\Connection.php(292): mysqli->query('SELECT *
FROM `mdlpartners`
WHERE `id` = \'1\'
AND `status` = \'1\'', 0)
 2 SYSTEMPATH\Database\BaseConnection.php(666): CodeIgniter\Database\MySQLi\Connection->execute('SELECT *
FROM `mdlpartners`
WHERE `id` = \'1\'
AND `status` = \'1\'')
 3 SYSTEMPATH\Database\BaseConnection.php(593): CodeIgniter\Database\BaseConnection->simpleQuery('SELECT *
FROM `mdlpartners`
WHERE `id` = \'1\'
AND `status` = \'1\'')
 4 SYSTEMPATH\Database\BaseBuilder.php(1585): CodeIgniter\Database\BaseConnection->query('SELECT *
FROM `mdlpartners`
WHERE `id` = :id:
AND `status` = :status:', [...], false)
 5 SYSTEMPATH\Model.php(772): CodeIgniter\Database\BaseBuilder->get()
 6 APPPATH\Controllers\StaticPages.php(121): CodeIgniter\Model->__call('get', [])
 7 SYSTEMPATH\CodeIgniter.php(927): App\Controllers\StaticPages->crud('read')
 8 SYSTEMPATH\CodeIgniter.php(482): CodeIgniter\CodeIgniter->runController(Object(App\Controllers\StaticPages))
 9 SYSTEMPATH\CodeIgniter.php(351): CodeIgniter\CodeIgniter->handleRequest(null, Object(Config\Cache), false)
10 FCPATH\index.php(67): CodeIgniter\CodeIgniter->run()
ERROR - 2023-03-01 23:41:36 --> mysqli_sql_exception: Table 'ci4.comment' doesn't exist in D:\D\web\ci4FrontEndWisata\vendor\codeigniter4\framework\system\Database\MySQLi\Connection.php:292
Stack trace:
#0 D:\D\web\ci4FrontEndWisata\vendor\codeigniter4\framework\system\Database\MySQLi\Connection.php(292): mysqli->query('SELECT * FROM c...', 0)
#1 D:\D\web\ci4FrontEndWisata\vendor\codeigniter4\framework\system\Database\BaseConnection.php(666): CodeIgniter\Database\MySQLi\Connection->execute('SELECT * FROM c...')
#2 D:\D\web\ci4FrontEndWisata\vendor\codeigniter4\framework\system\Database\BaseConnection.php(593): CodeIgniter\Database\BaseConnection->simpleQuery('SELECT * FROM c...')
#3 D:\D\web\ci4FrontEndWisata\app\Controllers\Admin.php(45): CodeIgniter\Database\BaseConnection->query('SELECT * FROM c...')
#4 D:\D\web\ci4FrontEndWisata\vendor\codeigniter4\framework\system\CodeIgniter.php(927): App\Controllers\Admin->test('comment')
#5 D:\D\web\ci4FrontEndWisata\vendor\codeigniter4\framework\system\CodeIgniter.php(482): CodeIgniter\CodeIgniter->runController(Object(App\Controllers\Admin))
#6 D:\D\web\ci4FrontEndWisata\vendor\codeigniter4\framework\system\CodeIgniter.php(351): CodeIgniter\CodeIgniter->handleRequest(NULL, Object(Config\Cache), false)
#7 D:\D\web\ci4FrontEndWisata\public\index.php(67): CodeIgniter\CodeIgniter->run()
#8 {main}
CRITICAL - 2023-03-01 23:41:36 --> Table 'ci4.comment' doesn't exist
in SYSTEMPATH\Database\MySQLi\Connection.php on line 292.
 1 SYSTEMPATH\Database\MySQLi\Connection.php(292): mysqli->query('SELECT * FROM comment', 0)
 2 SYSTEMPATH\Database\BaseConnection.php(666): CodeIgniter\Database\MySQLi\Connection->execute('SELECT * FROM comment')
 3 SYSTEMPATH\Database\BaseConnection.php(593): CodeIgniter\Database\BaseConnection->simpleQuery('SELECT * FROM comment')
 4 APPPATH\Controllers\Admin.php(45): CodeIgniter\Database\BaseConnection->query('SELECT * FROM comment')
 5 SYSTEMPATH\CodeIgniter.php(927): App\Controllers\Admin->test('comment')
 6 SYSTEMPATH\CodeIgniter.php(482): CodeIgniter\CodeIgniter->runController(Object(App\Controllers\Admin))
 7 SYSTEMPATH\CodeIgniter.php(351): CodeIgniter\CodeIgniter->handleRequest(null, Object(Config\Cache), false)
 8 FCPATH\index.php(67): CodeIgniter\CodeIgniter->run()
ERROR - 2023-03-01 23:48:02 --> mysqli_sql_exception: Table 'ci4.product' doesn't exist in D:\D\web\ci4FrontEndWisata\vendor\codeigniter4\framework\system\Database\MySQLi\Connection.php:292
Stack trace:
#0 D:\D\web\ci4FrontEndWisata\vendor\codeigniter4\framework\system\Database\MySQLi\Connection.php(292): mysqli->query('SELECT * FROM p...', 0)
#1 D:\D\web\ci4FrontEndWisata\vendor\codeigniter4\framework\system\Database\BaseConnection.php(666): CodeIgniter\Database\MySQLi\Connection->execute('SELECT * FROM p...')
#2 D:\D\web\ci4FrontEndWisata\vendor\codeigniter4\framework\system\Database\BaseConnection.php(593): CodeIgniter\Database\BaseConnection->simpleQuery('SELECT * FROM p...')
#3 D:\D\web\ci4FrontEndWisata\app\Controllers\Admin.php(45): CodeIgniter\Database\BaseConnection->query('SELECT * FROM p...')
#4 D:\D\web\ci4FrontEndWisata\vendor\codeigniter4\framework\system\CodeIgniter.php(927): App\Controllers\Admin->test('product')
#5 D:\D\web\ci4FrontEndWisata\vendor\codeigniter4\framework\system\CodeIgniter.php(482): CodeIgniter\CodeIgniter->runController(Object(App\Controllers\Admin))
#6 D:\D\web\ci4FrontEndWisata\vendor\codeigniter4\framework\system\CodeIgniter.php(351): CodeIgniter\CodeIgniter->handleRequest(NULL, Object(Config\Cache), false)
#7 D:\D\web\ci4FrontEndWisata\public\index.php(67): CodeIgniter\CodeIgniter->run()
#8 {main}
CRITICAL - 2023-03-01 23:48:02 --> Table 'ci4.product' doesn't exist
in SYSTEMPATH\Database\MySQLi\Connection.php on line 292.
 1 SYSTEMPATH\Database\MySQLi\Connection.php(292): mysqli->query('SELECT * FROM product', 0)
 2 SYSTEMPATH\Database\BaseConnection.php(666): CodeIgniter\Database\MySQLi\Connection->execute('SELECT * FROM product')
 3 SYSTEMPATH\Database\BaseConnection.php(593): CodeIgniter\Database\BaseConnection->simpleQuery('SELECT * FROM product')
 4 APPPATH\Controllers\Admin.php(45): CodeIgniter\Database\BaseConnection->query('SELECT * FROM product')
 5 SYSTEMPATH\CodeIgniter.php(927): App\Controllers\Admin->test('product')
 6 SYSTEMPATH\CodeIgniter.php(482): CodeIgniter\CodeIgniter->runController(Object(App\Controllers\Admin))
 7 SYSTEMPATH\CodeIgniter.php(351): CodeIgniter\CodeIgniter->handleRequest(null, Object(Config\Cache), false)
 8 FCPATH\index.php(67): CodeIgniter\CodeIgniter->run()
ERROR - 2023-03-01 23:48:34 --> mysqli_sql_exception: Unknown table 'ci4.product' in D:\D\web\ci4FrontEndWisata\vendor\codeigniter4\framework\system\Database\MySQLi\Connection.php:292
Stack trace:
#0 D:\D\web\ci4FrontEndWisata\vendor\codeigniter4\framework\system\Database\MySQLi\Connection.php(292): mysqli->query('DROP TABLE `pro...', 0)
#1 D:\D\web\ci4FrontEndWisata\vendor\codeigniter4\framework\system\Database\BaseConnection.php(666): CodeIgniter\Database\MySQLi\Connection->execute('DROP TABLE `pro...')
#2 D:\D\web\ci4FrontEndWisata\vendor\codeigniter4\framework\system\Database\BaseConnection.php(593): CodeIgniter\Database\BaseConnection->simpleQuery('DROP TABLE `pro...')
#3 D:\D\web\ci4FrontEndWisata\vendor\codeigniter4\framework\system\Database\Forge.php(600): CodeIgniter\Database\BaseConnection->query('DROP TABLE `pro...')
#4 D:\D\web\ci4FrontEndWisata\app\Database\Migrations\2023-03-01-085715_Product.php(65): CodeIgniter\Database\Forge->dropTable('product')
#5 D:\D\web\ci4FrontEndWisata\vendor\codeigniter4\framework\system\Database\MigrationRunner.php(868): App\Database\Migrations\Product->down()
#6 D:\D\web\ci4FrontEndWisata\vendor\codeigniter4\framework\system\Database\MigrationRunner.php(298): CodeIgniter\Database\MigrationRunner->migrate('down', Object(stdClass))
#7 D:\D\web\ci4FrontEndWisata\vendor\codeigniter4\framework\system\Commands\Database\MigrateRollback.php(92): CodeIgniter\Database\MigrationRunner->regress(0)
#8 D:\D\web\ci4FrontEndWisata\vendor\codeigniter4\framework\system\CLI\Commands.php(63): CodeIgniter\Commands\Database\MigrateRollback->run(Array)
#9 D:\D\web\ci4FrontEndWisata\vendor\codeigniter4\framework\system\CLI\BaseCommand.php(112): CodeIgniter\CLI\Commands->run('migrate:rollbac...', Array)
#10 D:\D\web\ci4FrontEndWisata\vendor\codeigniter4\framework\system\Commands\Database\MigrateRefresh.php(84): CodeIgniter\CLI\BaseCommand->call('migrate:rollbac...', Array)
#11 D:\D\web\ci4FrontEndWisata\vendor\codeigniter4\framework\system\CLI\Commands.php(63): CodeIgniter\Commands\Database\MigrateRefresh->run(Array)
#12 D:\D\web\ci4FrontEndWisata\vendor\codeigniter4\framework\system\CLI\CommandRunner.php(65): CodeIgniter\CLI\Commands->run('migrate:refresh', Array)
#13 D:\D\web\ci4FrontEndWisata\vendor\codeigniter4\framework\system\CLI\CommandRunner.php(51): CodeIgniter\CLI\CommandRunner->index(Array)
#14 D:\D\web\ci4FrontEndWisata\vendor\codeigniter4\framework\system\CodeIgniter.php(920): CodeIgniter\CLI\CommandRunner->_remap('index', Array)
#15 D:\D\web\ci4FrontEndWisata\vendor\codeigniter4\framework\system\CodeIgniter.php(482): CodeIgniter\CodeIgniter->runController(Object(CodeIgniter\CLI\CommandRunner))
#16 D:\D\web\ci4FrontEndWisata\vendor\codeigniter4\framework\system\CodeIgniter.php(347): CodeIgniter\CodeIgniter->handleRequest(NULL, Object(Config\Cache), false)
#17 D:\D\web\ci4FrontEndWisata\vendor\codeigniter4\framework\system\CLI\Console.php(48): CodeIgniter\CodeIgniter->run()
#18 D:\D\web\ci4FrontEndWisata\spark(98): CodeIgniter\CLI\Console->run()
#19 {main}
ERROR - 2023-03-01 23:54:36 --> mysqli_sql_exception: Unknown column 'statuds' in 'where clause' in D:\D\web\ci4FrontEndWisata\vendor\codeigniter4\framework\system\Database\MySQLi\Connection.php:292
Stack trace:
#0 D:\D\web\ci4FrontEndWisata\vendor\codeigniter4\framework\system\Database\MySQLi\Connection.php(292): mysqli->query('SELECT *\nFROM `...', 0)
#1 D:\D\web\ci4FrontEndWisata\vendor\codeigniter4\framework\system\Database\BaseConnection.php(666): CodeIgniter\Database\MySQLi\Connection->execute('SELECT *\nFROM `...')
#2 D:\D\web\ci4FrontEndWisata\vendor\codeigniter4\framework\system\Database\BaseConnection.php(593): CodeIgniter\Database\BaseConnection->simpleQuery('SELECT *\nFROM `...')
#3 D:\D\web\ci4FrontEndWisata\vendor\codeigniter4\framework\system\Database\BaseBuilder.php(1585): CodeIgniter\Database\BaseConnection->query('SELECT *\nFROM `...', Array, false)
#4 D:\D\web\ci4FrontEndWisata\vendor\codeigniter4\framework\system\Model.php(772): CodeIgniter\Database\BaseBuilder->get()
#5 D:\D\web\ci4FrontEndWisata\app\Controllers\StaticPages.php(121): CodeIgniter\Model->__call('get', Array)
#6 D:\D\web\ci4FrontEndWisata\vendor\codeigniter4\framework\system\CodeIgniter.php(927): App\Controllers\StaticPages->crud('read')
#7 D:\D\web\ci4FrontEndWisata\vendor\codeigniter4\framework\system\CodeIgniter.php(482): CodeIgniter\CodeIgniter->runController(Object(App\Controllers\StaticPages))
#8 D:\D\web\ci4FrontEndWisata\vendor\codeigniter4\framework\system\CodeIgniter.php(351): CodeIgniter\CodeIgniter->handleRequest(NULL, Object(Config\Cache), false)
#9 D:\D\web\ci4FrontEndWisata\public\index.php(67): CodeIgniter\CodeIgniter->run()
#10 {main}
CRITICAL - 2023-03-01 23:54:36 --> Unknown column 'statuds' in 'where clause'
in SYSTEMPATH\Database\MySQLi\Connection.php on line 292.
 1 SYSTEMPATH\Database\MySQLi\Connection.php(292): mysqli->query('SELECT *
FROM `partner`
WHERE `id` = \'1\'
AND `statuds` = \'1\'', 0)
 2 SYSTEMPATH\Database\BaseConnection.php(666): CodeIgniter\Database\MySQLi\Connection->execute('SELECT *
FROM `partner`
WHERE `id` = \'1\'
AND `statuds` = \'1\'')
 3 SYSTEMPATH\Database\BaseConnection.php(593): CodeIgniter\Database\BaseConnection->simpleQuery('SELECT *
FROM `partner`
WHERE `id` = \'1\'
AND `statuds` = \'1\'')
 4 SYSTEMPATH\Database\BaseBuilder.php(1585): CodeIgniter\Database\BaseConnection->query('SELECT *
FROM `partner`
WHERE `id` = :id:
AND `statuds` = :statuds:', [...], false)
 5 SYSTEMPATH\Model.php(772): CodeIgniter\Database\BaseBuilder->get()
 6 APPPATH\Controllers\StaticPages.php(121): CodeIgniter\Model->__call('get', [])
 7 SYSTEMPATH\CodeIgniter.php(927): App\Controllers\StaticPages->crud('read')
 8 SYSTEMPATH\CodeIgniter.php(482): CodeIgniter\CodeIgniter->runController(Object(App\Controllers\StaticPages))
 9 SYSTEMPATH\CodeIgniter.php(351): CodeIgniter\CodeIgniter->handleRequest(null, Object(Config\Cache), false)
10 FCPATH\index.php(67): CodeIgniter\CodeIgniter->run()
