ERROR - 2023-12-16 14:47:45 --> Error connecting to the database: mysqli_sql_exception: Access denied for user 'root'@'localhost' (using password: NO) in /Users/suluh/Documents/GitHub/cendratama/ci/vendor/codeigniter4/framework/system/Database/MySQLi/Connection.php:173
Stack trace:
#0 /Users/suluh/Documents/GitHub/cendratama/ci/vendor/codeigniter4/framework/system/Database/MySQLi/Connection.php(173): mysqli->real_connect('localhost', 'root', Object(SensitiveParameterValue), 'ci4', 3306, '', 0)
#1 /Users/suluh/Documents/GitHub/cendratama/ci/vendor/codeigniter4/framework/system/Database/BaseConnection.php(391): CodeIgniter\Database\MySQLi\Connection->connect(false)
#2 /Users/suluh/Documents/GitHub/cendratama/ci/vendor/codeigniter4/framework/system/Database/BaseConnection.php(573): CodeIgniter\Database\BaseConnection->initialize()
#3 /Users/suluh/Documents/GitHub/cendratama/ci/vendor/codeigniter4/framework/system/Database/BaseBuilder.php(1616): CodeIgniter\Database\BaseConnection->query('SELECT *\nFROM `...', Array, false)
#4 /Users/suluh/Documents/GitHub/cendratama/ci/vendor/codeigniter4/framework/system/Model.php(840): CodeIgniter\Database\BaseBuilder->get()
#5 /Users/suluh/Documents/GitHub/cendratama/ci/app/Controllers/Home.php(15): CodeIgniter\Model->__call('get', Array)
#6 /Users/suluh/Documents/GitHub/cendratama/ci/vendor/codeigniter4/framework/system/CodeIgniter.php(934): App\Controllers\Home->menu()
#7 /Users/suluh/Documents/GitHub/cendratama/ci/vendor/codeigniter4/framework/system/CodeIgniter.php(499): CodeIgniter\CodeIgniter->runController(Object(App\Controllers\Home))
#8 /Users/suluh/Documents/GitHub/cendratama/ci/vendor/codeigniter4/framework/system/CodeIgniter.php(368): CodeIgniter\CodeIgniter->handleRequest(NULL, Object(Config\Cache), false)
#9 /Users/suluh/Documents/GitHub/cendratamapublic/index.php(67): CodeIgniter\CodeIgniter->run()
#10 {main}

Next CodeIgniter\Database\Exceptions\DatabaseException: Access denied for user '****'@'localhost' (using password: NO) in /Users/suluh/Documents/GitHub/cendratama/ci/vendor/codeigniter4/framework/system/Database/MySQLi/Connection.php:218
Stack trace:
#0 /Users/suluh/Documents/GitHub/cendratama/ci/vendor/codeigniter4/framework/system/Database/BaseConnection.php(391): CodeIgniter\Database\MySQLi\Connection->connect(false)
#1 /Users/suluh/Documents/GitHub/cendratama/ci/vendor/codeigniter4/framework/system/Database/BaseConnection.php(573): CodeIgniter\Database\BaseConnection->initialize()
#2 /Users/suluh/Documents/GitHub/cendratama/ci/vendor/codeigniter4/framework/system/Database/BaseBuilder.php(1616): CodeIgniter\Database\BaseConnection->query('SELECT *\nFROM `...', Array, false)
#3 /Users/suluh/Documents/GitHub/cendratama/ci/vendor/codeigniter4/framework/system/Model.php(840): CodeIgniter\Database\BaseBuilder->get()
#4 /Users/suluh/Documents/GitHub/cendratama/ci/app/Controllers/Home.php(15): CodeIgniter\Model->__call('get', Array)
#5 /Users/suluh/Documents/GitHub/cendratama/ci/vendor/codeigniter4/framework/system/CodeIgniter.php(934): App\Controllers\Home->menu()
#6 /Users/suluh/Documents/GitHub/cendratama/ci/vendor/codeigniter4/framework/system/CodeIgniter.php(499): CodeIgniter\CodeIgniter->runController(Object(App\Controllers\Home))
#7 /Users/suluh/Documents/GitHub/cendratama/ci/vendor/codeigniter4/framework/system/CodeIgniter.php(368): CodeIgniter\CodeIgniter->handleRequest(NULL, Object(Config\Cache), false)
#8 /Users/suluh/Documents/GitHub/cendratamapublic/index.php(67): CodeIgniter\CodeIgniter->run()
#9 {main}
CRITICAL - 2023-12-16 14:47:45 --> Unable to connect to the database.
Main connection [MySQLi]: Access denied for user '****'@'localhost' (using password: NO)
in SYSTEMPATH/Database/BaseConnection.php on line 427.
 1 SYSTEMPATH/Database/BaseConnection.php(573): CodeIgniter\Database\BaseConnection->initialize()
 2 SYSTEMPATH/Database/BaseBuilder.php(1616): CodeIgniter\Database\BaseConnection->query('SELECT *
FROM `page`
WHERE `id` != :id:
AND `deleted_at` IS NULL', [...], false)
 3 SYSTEMPATH/Model.php(840): CodeIgniter\Database\BaseBuilder->get()
 4 APPPATH/Controllers/Home.php(15): CodeIgniter\Model->__call('get', [])
 5 SYSTEMPATH/CodeIgniter.php(934): App\Controllers\Home->menu()
 6 SYSTEMPATH/CodeIgniter.php(499): CodeIgniter\CodeIgniter->runController(Object(App\Controllers\Home))
 7 SYSTEMPATH/CodeIgniter.php(368): CodeIgniter\CodeIgniter->handleRequest(null, Object(Config\Cache), false)
 8 FCPATH/index.php(67): CodeIgniter\CodeIgniter->run()
ERROR - 2023-12-16 14:47:45 --> Error connecting to the database: mysqli_sql_exception: Access denied for user 'root'@'localhost' (using password: NO) in /Users/suluh/Documents/GitHub/cendratama/ci/vendor/codeigniter4/framework/system/Database/MySQLi/Connection.php:173
Stack trace:
#0 /Users/suluh/Documents/GitHub/cendratama/ci/vendor/codeigniter4/framework/system/Database/MySQLi/Connection.php(173): mysqli->real_connect('localhost', 'root', Object(SensitiveParameterValue), 'ci4', 3306, '', 0)
#1 /Users/suluh/Documents/GitHub/cendratama/ci/vendor/codeigniter4/framework/system/Database/BaseConnection.php(391): CodeIgniter\Database\MySQLi\Connection->connect(false)
#2 /Users/suluh/Documents/GitHub/cendratama/ci/vendor/codeigniter4/framework/system/Database/BaseConnection.php(573): CodeIgniter\Database\BaseConnection->initialize()
#3 /Users/suluh/Documents/GitHub/cendratama/ci/vendor/codeigniter4/framework/system/Database/BaseBuilder.php(1616): CodeIgniter\Database\BaseConnection->query('SELECT *\nFROM `...', Array, false)
#4 /Users/suluh/Documents/GitHub/cendratama/ci/vendor/codeigniter4/framework/system/Model.php(840): CodeIgniter\Database\BaseBuilder->get()
#5 /Users/suluh/Documents/GitHub/cendratama/ci/app/Controllers/Home.php(52): CodeIgniter\Model->__call('get', Array)
#6 /Users/suluh/Documents/GitHub/cendratama/ci/vendor/codeigniter4/framework/system/CodeIgniter.php(934): App\Controllers\Home->getSlider()
#7 /Users/suluh/Documents/GitHub/cendratama/ci/vendor/codeigniter4/framework/system/CodeIgniter.php(499): CodeIgniter\CodeIgniter->runController(Object(App\Controllers\Home))
#8 /Users/suluh/Documents/GitHub/cendratama/ci/vendor/codeigniter4/framework/system/CodeIgniter.php(368): CodeIgniter\CodeIgniter->handleRequest(NULL, Object(Config\Cache), false)
#9 /Users/suluh/Documents/GitHub/cendratamapublic/index.php(67): CodeIgniter\CodeIgniter->run()
#10 {main}

Next CodeIgniter\Database\Exceptions\DatabaseException: Access denied for user '****'@'localhost' (using password: NO) in /Users/suluh/Documents/GitHub/cendratama/ci/vendor/codeigniter4/framework/system/Database/MySQLi/Connection.php:218
Stack trace:
#0 /Users/suluh/Documents/GitHub/cendratama/ci/vendor/codeigniter4/framework/system/Database/BaseConnection.php(391): CodeIgniter\Database\MySQLi\Connection->connect(false)
#1 /Users/suluh/Documents/GitHub/cendratama/ci/vendor/codeigniter4/framework/system/Database/BaseConnection.php(573): CodeIgniter\Database\BaseConnection->initialize()
#2 /Users/suluh/Documents/GitHub/cendratama/ci/vendor/codeigniter4/framework/system/Database/BaseBuilder.php(1616): CodeIgniter\Database\BaseConnection->query('SELECT *\nFROM `...', Array, false)
#3 /Users/suluh/Documents/GitHub/cendratama/ci/vendor/codeigniter4/framework/system/Model.php(840): CodeIgniter\Database\BaseBuilder->get()
#4 /Users/suluh/Documents/GitHub/cendratama/ci/app/Controllers/Home.php(52): CodeIgniter\Model->__call('get', Array)
#5 /Users/suluh/Documents/GitHub/cendratama/ci/vendor/codeigniter4/framework/system/CodeIgniter.php(934): App\Controllers\Home->getSlider()
#6 /Users/suluh/Documents/GitHub/cendratama/ci/vendor/codeigniter4/framework/system/CodeIgniter.php(499): CodeIgniter\CodeIgniter->runController(Object(App\Controllers\Home))
#7 /Users/suluh/Documents/GitHub/cendratama/ci/vendor/codeigniter4/framework/system/CodeIgniter.php(368): CodeIgniter\CodeIgniter->handleRequest(NULL, Object(Config\Cache), false)
#8 /Users/suluh/Documents/GitHub/cendratamapublic/index.php(67): CodeIgniter\CodeIgniter->run()
#9 {main}
CRITICAL - 2023-12-16 14:47:45 --> Unable to connect to the database.
Main connection [MySQLi]: Access denied for user '****'@'localhost' (using password: NO)
in SYSTEMPATH/Database/BaseConnection.php on line 427.
 1 SYSTEMPATH/Database/BaseConnection.php(573): CodeIgniter\Database\BaseConnection->initialize()
 2 SYSTEMPATH/Database/BaseBuilder.php(1616): CodeIgniter\Database\BaseConnection->query('SELECT *
FROM `slider`
WHERE `status` = :status:
AND `deleted_at` IS NULL', [...], false)
 3 SYSTEMPATH/Model.php(840): CodeIgniter\Database\BaseBuilder->get()
 4 APPPATH/Controllers/Home.php(52): CodeIgniter\Model->__call('get', [])
 5 SYSTEMPATH/CodeIgniter.php(934): App\Controllers\Home->getSlider()
 6 SYSTEMPATH/CodeIgniter.php(499): CodeIgniter\CodeIgniter->runController(Object(App\Controllers\Home))
 7 SYSTEMPATH/CodeIgniter.php(368): CodeIgniter\CodeIgniter->handleRequest(null, Object(Config\Cache), false)
 8 FCPATH/index.php(67): CodeIgniter\CodeIgniter->run()
ERROR - 2023-12-16 15:30:25 --> Error connecting to the database: mysqli_sql_exception: Access denied for user 'root'@'localhost' (using password: NO) in /Users/suluh/Documents/GitHub/cendratama/ci/vendor/codeigniter4/framework/system/Database/MySQLi/Connection.php:173
Stack trace:
#0 /Users/suluh/Documents/GitHub/cendratama/ci/vendor/codeigniter4/framework/system/Database/MySQLi/Connection.php(173): mysqli->real_connect('localhost', 'root', Object(SensitiveParameterValue), 'ci4', 3306, '', 0)
#1 /Users/suluh/Documents/GitHub/cendratama/ci/vendor/codeigniter4/framework/system/Database/BaseConnection.php(391): CodeIgniter\Database\MySQLi\Connection->connect(false)
#2 /Users/suluh/Documents/GitHub/cendratama/ci/vendor/codeigniter4/framework/system/Database/BaseConnection.php(573): CodeIgniter\Database\BaseConnection->initialize()
#3 /Users/suluh/Documents/GitHub/cendratama/ci/vendor/codeigniter4/framework/system/Database/BaseBuilder.php(1700): CodeIgniter\Database\BaseConnection->query('SELECT COUNT(*)...', Array, false)
#4 /Users/suluh/Documents/GitHub/cendratama/ci/vendor/codeigniter4/framework/system/Model.php(606): CodeIgniter\Database\BaseBuilder->countAllResults(true)
#5 /Users/suluh/Documents/GitHub/cendratama/ci/app/Controllers/Client.php(233): CodeIgniter\Model->countAllResults()
#6 /Users/suluh/Documents/GitHub/cendratama/ci/app/Controllers/Client.php(66): App\Controllers\Client->loginForm()
#7 /Users/suluh/Documents/GitHub/cendratama/ci/vendor/codeigniter4/framework/system/CodeIgniter.php(934): App\Controllers\Client->index()
#8 /Users/suluh/Documents/GitHub/cendratama/ci/vendor/codeigniter4/framework/system/CodeIgniter.php(499): CodeIgniter\CodeIgniter->runController(Object(App\Controllers\Client))
#9 /Users/suluh/Documents/GitHub/cendratama/ci/vendor/codeigniter4/framework/system/CodeIgniter.php(368): CodeIgniter\CodeIgniter->handleRequest(NULL, Object(Config\Cache), false)
#10 /Users/suluh/Documents/GitHub/cendratamapublic/index.php(67): CodeIgniter\CodeIgniter->run()
#11 {main}

Next CodeIgniter\Database\Exceptions\DatabaseException: Access denied for user '****'@'localhost' (using password: NO) in /Users/suluh/Documents/GitHub/cendratama/ci/vendor/codeigniter4/framework/system/Database/MySQLi/Connection.php:218
Stack trace:
#0 /Users/suluh/Documents/GitHub/cendratama/ci/vendor/codeigniter4/framework/system/Database/BaseConnection.php(391): CodeIgniter\Database\MySQLi\Connection->connect(false)
#1 /Users/suluh/Documents/GitHub/cendratama/ci/vendor/codeigniter4/framework/system/Database/BaseConnection.php(573): CodeIgniter\Database\BaseConnection->initialize()
#2 /Users/suluh/Documents/GitHub/cendratama/ci/vendor/codeigniter4/framework/system/Database/BaseBuilder.php(1700): CodeIgniter\Database\BaseConnection->query('SELECT COUNT(*)...', Array, false)
#3 /Users/suluh/Documents/GitHub/cendratama/ci/vendor/codeigniter4/framework/system/Model.php(606): CodeIgniter\Database\BaseBuilder->countAllResults(true)
#4 /Users/suluh/Documents/GitHub/cendratama/ci/app/Controllers/Client.php(233): CodeIgniter\Model->countAllResults()
#5 /Users/suluh/Documents/GitHub/cendratama/ci/app/Controllers/Client.php(66): App\Controllers\Client->loginForm()
#6 /Users/suluh/Documents/GitHub/cendratama/ci/vendor/codeigniter4/framework/system/CodeIgniter.php(934): App\Controllers\Client->index()
#7 /Users/suluh/Documents/GitHub/cendratama/ci/vendor/codeigniter4/framework/system/CodeIgniter.php(499): CodeIgniter\CodeIgniter->runController(Object(App\Controllers\Client))
#8 /Users/suluh/Documents/GitHub/cendratama/ci/vendor/codeigniter4/framework/system/CodeIgniter.php(368): CodeIgniter\CodeIgniter->handleRequest(NULL, Object(Config\Cache), false)
#9 /Users/suluh/Documents/GitHub/cendratamapublic/index.php(67): CodeIgniter\CodeIgniter->run()
#10 {main}
CRITICAL - 2023-12-16 15:30:25 --> Unable to connect to the database.
Main connection [MySQLi]: Access denied for user '****'@'localhost' (using password: NO)
in SYSTEMPATH/Database/BaseConnection.php on line 427.
 1 SYSTEMPATH/Database/BaseConnection.php(573): CodeIgniter\Database\BaseConnection->initialize()
 2 SYSTEMPATH/Database/BaseBuilder.php(1700): CodeIgniter\Database\BaseConnection->query('SELECT COUNT(*) AS `numrows`
FROM `client`
WHERE `email` = :email:
AND `deleted_at` IS NULL', [...], false)
 3 SYSTEMPATH/Model.php(606): CodeIgniter\Database\BaseBuilder->countAllResults(true)
 4 APPPATH/Controllers/Client.php(233): CodeIgniter\Model->countAllResults()
 5 APPPATH/Controllers/Client.php(66): App\Controllers\Client->loginForm()
 6 SYSTEMPATH/CodeIgniter.php(934): App\Controllers\Client->index()
 7 SYSTEMPATH/CodeIgniter.php(499): CodeIgniter\CodeIgniter->runController(Object(App\Controllers\Client))
 8 SYSTEMPATH/CodeIgniter.php(368): CodeIgniter\CodeIgniter->handleRequest(null, Object(Config\Cache), false)
 9 FCPATH/index.php(67): CodeIgniter\CodeIgniter->run()
ERROR - 2023-12-16 16:17:14 --> Error connecting to the database: mysqli_sql_exception: Access denied for user 'root'@'localhost' (using password: NO) in /Users/suluh/Documents/GitHub/cendratama/ci/vendor/codeigniter4/framework/system/Database/MySQLi/Connection.php:173
Stack trace:
#0 /Users/suluh/Documents/GitHub/cendratama/ci/vendor/codeigniter4/framework/system/Database/MySQLi/Connection.php(173): mysqli->real_connect('localhost', 'root', Object(SensitiveParameterValue), 'ci4', 3306, '', 0)
#1 /Users/suluh/Documents/GitHub/cendratama/ci/vendor/codeigniter4/framework/system/Database/BaseConnection.php(391): CodeIgniter\Database\MySQLi\Connection->connect(false)
#2 /Users/suluh/Documents/GitHub/cendratama/ci/vendor/codeigniter4/framework/system/Database/BaseConnection.php(573): CodeIgniter\Database\BaseConnection->initialize()
#3 /Users/suluh/Documents/GitHub/cendratama/ci/vendor/codeigniter4/framework/system/Database/BaseBuilder.php(1616): CodeIgniter\Database\BaseConnection->query('SELECT *\nFROM `...', Array, false)
#4 /Users/suluh/Documents/GitHub/cendratama/ci/vendor/codeigniter4/framework/system/Model.php(840): CodeIgniter\Database\BaseBuilder->get()
#5 /Users/suluh/Documents/GitHub/cendratama/ci/app/Controllers/Home.php(15): CodeIgniter\Model->__call('get', Array)
#6 /Users/suluh/Documents/GitHub/cendratama/ci/vendor/codeigniter4/framework/system/CodeIgniter.php(934): App\Controllers\Home->menu()
#7 /Users/suluh/Documents/GitHub/cendratama/ci/vendor/codeigniter4/framework/system/CodeIgniter.php(499): CodeIgniter\CodeIgniter->runController(Object(App\Controllers\Home))
#8 /Users/suluh/Documents/GitHub/cendratama/ci/vendor/codeigniter4/framework/system/CodeIgniter.php(368): CodeIgniter\CodeIgniter->handleRequest(NULL, Object(Config\Cache), false)
#9 /Users/suluh/Documents/GitHub/cendratamapublic/index.php(67): CodeIgniter\CodeIgniter->run()
#10 {main}

Next CodeIgniter\Database\Exceptions\DatabaseException: Access denied for user '****'@'localhost' (using password: NO) in /Users/suluh/Documents/GitHub/cendratama/ci/vendor/codeigniter4/framework/system/Database/MySQLi/Connection.php:218
Stack trace:
#0 /Users/suluh/Documents/GitHub/cendratama/ci/vendor/codeigniter4/framework/system/Database/BaseConnection.php(391): CodeIgniter\Database\MySQLi\Connection->connect(false)
#1 /Users/suluh/Documents/GitHub/cendratama/ci/vendor/codeigniter4/framework/system/Database/BaseConnection.php(573): CodeIgniter\Database\BaseConnection->initialize()
#2 /Users/suluh/Documents/GitHub/cendratama/ci/vendor/codeigniter4/framework/system/Database/BaseBuilder.php(1616): CodeIgniter\Database\BaseConnection->query('SELECT *\nFROM `...', Array, false)
#3 /Users/suluh/Documents/GitHub/cendratama/ci/vendor/codeigniter4/framework/system/Model.php(840): CodeIgniter\Database\BaseBuilder->get()
#4 /Users/suluh/Documents/GitHub/cendratama/ci/app/Controllers/Home.php(15): CodeIgniter\Model->__call('get', Array)
#5 /Users/suluh/Documents/GitHub/cendratama/ci/vendor/codeigniter4/framework/system/CodeIgniter.php(934): App\Controllers\Home->menu()
#6 /Users/suluh/Documents/GitHub/cendratama/ci/vendor/codeigniter4/framework/system/CodeIgniter.php(499): CodeIgniter\CodeIgniter->runController(Object(App\Controllers\Home))
#7 /Users/suluh/Documents/GitHub/cendratama/ci/vendor/codeigniter4/framework/system/CodeIgniter.php(368): CodeIgniter\CodeIgniter->handleRequest(NULL, Object(Config\Cache), false)
#8 /Users/suluh/Documents/GitHub/cendratamapublic/index.php(67): CodeIgniter\CodeIgniter->run()
#9 {main}
CRITICAL - 2023-12-16 16:17:14 --> Unable to connect to the database.
Main connection [MySQLi]: Access denied for user '****'@'localhost' (using password: NO)
in SYSTEMPATH/Database/BaseConnection.php on line 427.
 1 SYSTEMPATH/Database/BaseConnection.php(573): CodeIgniter\Database\BaseConnection->initialize()
 2 SYSTEMPATH/Database/BaseBuilder.php(1616): CodeIgniter\Database\BaseConnection->query('SELECT *
FROM `page`
WHERE `id` != :id:
AND `deleted_at` IS NULL', [...], false)
 3 SYSTEMPATH/Model.php(840): CodeIgniter\Database\BaseBuilder->get()
 4 APPPATH/Controllers/Home.php(15): CodeIgniter\Model->__call('get', [])
 5 SYSTEMPATH/CodeIgniter.php(934): App\Controllers\Home->menu()
 6 SYSTEMPATH/CodeIgniter.php(499): CodeIgniter\CodeIgniter->runController(Object(App\Controllers\Home))
 7 SYSTEMPATH/CodeIgniter.php(368): CodeIgniter\CodeIgniter->handleRequest(null, Object(Config\Cache), false)
 8 FCPATH/index.php(67): CodeIgniter\CodeIgniter->run()
ERROR - 2023-12-16 16:17:14 --> Error connecting to the database: mysqli_sql_exception: Access denied for user 'root'@'localhost' (using password: NO) in /Users/suluh/Documents/GitHub/cendratama/ci/vendor/codeigniter4/framework/system/Database/MySQLi/Connection.php:173
Stack trace:
#0 /Users/suluh/Documents/GitHub/cendratama/ci/vendor/codeigniter4/framework/system/Database/MySQLi/Connection.php(173): mysqli->real_connect('localhost', 'root', Object(SensitiveParameterValue), 'ci4', 3306, '', 0)
#1 /Users/suluh/Documents/GitHub/cendratama/ci/vendor/codeigniter4/framework/system/Database/BaseConnection.php(391): CodeIgniter\Database\MySQLi\Connection->connect(false)
#2 /Users/suluh/Documents/GitHub/cendratama/ci/vendor/codeigniter4/framework/system/Database/BaseConnection.php(573): CodeIgniter\Database\BaseConnection->initialize()
#3 /Users/suluh/Documents/GitHub/cendratama/ci/vendor/codeigniter4/framework/system/Database/BaseBuilder.php(1616): CodeIgniter\Database\BaseConnection->query('SELECT *\nFROM `...', Array, false)
#4 /Users/suluh/Documents/GitHub/cendratama/ci/vendor/codeigniter4/framework/system/Model.php(840): CodeIgniter\Database\BaseBuilder->get()
#5 /Users/suluh/Documents/GitHub/cendratama/ci/app/Controllers/Home.php(52): CodeIgniter\Model->__call('get', Array)
#6 /Users/suluh/Documents/GitHub/cendratama/ci/vendor/codeigniter4/framework/system/CodeIgniter.php(934): App\Controllers\Home->getSlider()
#7 /Users/suluh/Documents/GitHub/cendratama/ci/vendor/codeigniter4/framework/system/CodeIgniter.php(499): CodeIgniter\CodeIgniter->runController(Object(App\Controllers\Home))
#8 /Users/suluh/Documents/GitHub/cendratama/ci/vendor/codeigniter4/framework/system/CodeIgniter.php(368): CodeIgniter\CodeIgniter->handleRequest(NULL, Object(Config\Cache), false)
#9 /Users/suluh/Documents/GitHub/cendratamapublic/index.php(67): CodeIgniter\CodeIgniter->run()
#10 {main}

Next CodeIgniter\Database\Exceptions\DatabaseException: Access denied for user '****'@'localhost' (using password: NO) in /Users/suluh/Documents/GitHub/cendratama/ci/vendor/codeigniter4/framework/system/Database/MySQLi/Connection.php:218
Stack trace:
#0 /Users/suluh/Documents/GitHub/cendratama/ci/vendor/codeigniter4/framework/system/Database/BaseConnection.php(391): CodeIgniter\Database\MySQLi\Connection->connect(false)
#1 /Users/suluh/Documents/GitHub/cendratama/ci/vendor/codeigniter4/framework/system/Database/BaseConnection.php(573): CodeIgniter\Database\BaseConnection->initialize()
#2 /Users/suluh/Documents/GitHub/cendratama/ci/vendor/codeigniter4/framework/system/Database/BaseBuilder.php(1616): CodeIgniter\Database\BaseConnection->query('SELECT *\nFROM `...', Array, false)
#3 /Users/suluh/Documents/GitHub/cendratama/ci/vendor/codeigniter4/framework/system/Model.php(840): CodeIgniter\Database\BaseBuilder->get()
#4 /Users/suluh/Documents/GitHub/cendratama/ci/app/Controllers/Home.php(52): CodeIgniter\Model->__call('get', Array)
#5 /Users/suluh/Documents/GitHub/cendratama/ci/vendor/codeigniter4/framework/system/CodeIgniter.php(934): App\Controllers\Home->getSlider()
#6 /Users/suluh/Documents/GitHub/cendratama/ci/vendor/codeigniter4/framework/system/CodeIgniter.php(499): CodeIgniter\CodeIgniter->runController(Object(App\Controllers\Home))
#7 /Users/suluh/Documents/GitHub/cendratama/ci/vendor/codeigniter4/framework/system/CodeIgniter.php(368): CodeIgniter\CodeIgniter->handleRequest(NULL, Object(Config\Cache), false)
#8 /Users/suluh/Documents/GitHub/cendratamapublic/index.php(67): CodeIgniter\CodeIgniter->run()
#9 {main}
CRITICAL - 2023-12-16 16:17:14 --> Unable to connect to the database.
Main connection [MySQLi]: Access denied for user '****'@'localhost' (using password: NO)
in SYSTEMPATH/Database/BaseConnection.php on line 427.
 1 SYSTEMPATH/Database/BaseConnection.php(573): CodeIgniter\Database\BaseConnection->initialize()
 2 SYSTEMPATH/Database/BaseBuilder.php(1616): CodeIgniter\Database\BaseConnection->query('SELECT *
FROM `slider`
WHERE `status` = :status:
AND `deleted_at` IS NULL', [...], false)
 3 SYSTEMPATH/Model.php(840): CodeIgniter\Database\BaseBuilder->get()
 4 APPPATH/Controllers/Home.php(52): CodeIgniter\Model->__call('get', [])
 5 SYSTEMPATH/CodeIgniter.php(934): App\Controllers\Home->getSlider()
 6 SYSTEMPATH/CodeIgniter.php(499): CodeIgniter\CodeIgniter->runController(Object(App\Controllers\Home))
 7 SYSTEMPATH/CodeIgniter.php(368): CodeIgniter\CodeIgniter->handleRequest(null, Object(Config\Cache), false)
 8 FCPATH/index.php(67): CodeIgniter\CodeIgniter->run()
