CRITICAL - 2023-02-20 00:32:58 --> Cannot redeclare App\Controllers\Pages::hapus_cat()
in APPPATH\Controllers\Pages.php on line 272.
 1 [internal function]: CodeIgniter\Debug\Exceptions->shutdownHandler()
CRITICAL - 2023-02-20 21:41:10 --> Undefined variable $uri
in APPPATH\Views\admin\content\page.php on line 16.
 1 APPPATH\Views\admin\content\page.php(16): CodeIgniter\Debug\Exceptions->errorHandler(2, 'Undefined variable $uri', 'APPPATH\\Views\\admin\\content\\page.php', 16)
 2 SYSTEMPATH\View\View.php(213): include('APPPATH\\Views\\admin\\content\\page.php')
 3 SYSTEMPATH\View\View.php(216): CodeIgniter\View\View->CodeIgniter\View\{closure}()
 4 SYSTEMPATH\Common.php(1134): CodeIgniter\View\View->render('admin/content/page', [], true)
 5 APPPATH\Controllers\Pages.php(44): view('admin/content/page')
 6 SYSTEMPATH\CodeIgniter.php(927): App\Controllers\Pages->manage()
 7 SYSTEMPATH\CodeIgniter.php(482): CodeIgniter\CodeIgniter->runController(Object(App\Controllers\Pages))
 8 SYSTEMPATH\CodeIgniter.php(351): CodeIgniter\CodeIgniter->handleRequest(null, Object(Config\Cache), false)
 9 FCPATH\index.php(67): CodeIgniter\CodeIgniter->run()
CRITICAL - 2023-02-20 21:43:53 --> Undefined variable $request
in APPPATH\Views\admin\content\page.php on line 16.
 1 APPPATH\Views\admin\content\page.php(16): CodeIgniter\Debug\Exceptions->errorHandler(2, 'Undefined variable $request', 'APPPATH\\Views\\admin\\content\\page.php', 16)
 2 SYSTEMPATH\View\View.php(213): include('APPPATH\\Views\\admin\\content\\page.php')
 3 SYSTEMPATH\View\View.php(216): CodeIgniter\View\View->CodeIgniter\View\{closure}()
 4 SYSTEMPATH\Common.php(1134): CodeIgniter\View\View->render('admin/content/page', [], true)
 5 APPPATH\Controllers\Pages.php(44): view('admin/content/page')
 6 SYSTEMPATH\CodeIgniter.php(927): App\Controllers\Pages->manage()
 7 SYSTEMPATH\CodeIgniter.php(482): CodeIgniter\CodeIgniter->runController(Object(App\Controllers\Pages))
 8 SYSTEMPATH\CodeIgniter.php(351): CodeIgniter\CodeIgniter->handleRequest(null, Object(Config\Cache), false)
 9 FCPATH\index.php(67): CodeIgniter\CodeIgniter->run()
CRITICAL - 2023-02-20 21:45:21 --> Undefined property: CodeIgniter\View\View::$request
in APPPATH\Views\admin\content\page.php on line 16.
 1 APPPATH\Views\admin\content\page.php(16): CodeIgniter\Debug\Exceptions->errorHandler(2, 'Undefined property: CodeIgniter\\View\\View::$request', 'APPPATH\\Views\\admin\\content\\page.php', 16)
 2 SYSTEMPATH\View\View.php(213): include('APPPATH\\Views\\admin\\content\\page.php')
 3 SYSTEMPATH\View\View.php(216): CodeIgniter\View\View->CodeIgniter\View\{closure}()
 4 SYSTEMPATH\Common.php(1134): CodeIgniter\View\View->render('admin/content/page', [], true)
 5 APPPATH\Controllers\Pages.php(44): view('admin/content/page')
 6 SYSTEMPATH\CodeIgniter.php(927): App\Controllers\Pages->manage()
 7 SYSTEMPATH\CodeIgniter.php(482): CodeIgniter\CodeIgniter->runController(Object(App\Controllers\Pages))
 8 SYSTEMPATH\CodeIgniter.php(351): CodeIgniter\CodeIgniter->handleRequest(null, Object(Config\Cache), false)
 9 FCPATH\index.php(67): CodeIgniter\CodeIgniter->run()
CRITICAL - 2023-02-20 21:57:18 --> Undefined property: CodeIgniter\View\View::$request
in APPPATH\Views\admin\content\page.php on line 16.
 1 APPPATH\Views\admin\content\page.php(16): CodeIgniter\Debug\Exceptions->errorHandler(2, 'Undefined property: CodeIgniter\\View\\View::$request', 'APPPATH\\Views\\admin\\content\\page.php', 16)
 2 SYSTEMPATH\View\View.php(213): include('APPPATH\\Views\\admin\\content\\page.php')
 3 SYSTEMPATH\View\View.php(216): CodeIgniter\View\View->CodeIgniter\View\{closure}()
 4 SYSTEMPATH\Common.php(1134): CodeIgniter\View\View->render('admin/content/page', [], true)
 5 APPPATH\Controllers\Pages.php(44): view('admin/content/page')
 6 SYSTEMPATH\CodeIgniter.php(927): App\Controllers\Pages->manage()
 7 SYSTEMPATH\CodeIgniter.php(482): CodeIgniter\CodeIgniter->runController(Object(App\Controllers\Pages))
 8 SYSTEMPATH\CodeIgniter.php(351): CodeIgniter\CodeIgniter->handleRequest(null, Object(Config\Cache), false)
 9 FCPATH\index.php(67): CodeIgniter\CodeIgniter->run()
CRITICAL - 2023-02-20 23:50:45 --> syntax error, unexpected variable "$cat"
in APPPATH\Controllers\Pages.php on line 190.
 1 SYSTEMPATH\Autoloader\Autoloader.php(259): CodeIgniter\Autoloader\Autoloader->includeFile('APPPATH\\Controllers\\Pages.php')
 2 SYSTEMPATH\Autoloader\Autoloader.php(237): CodeIgniter\Autoloader\Autoloader->loadInNamespace('App\\Controllers\\Pages')
 3 [internal function]: CodeIgniter\Autoloader\Autoloader->loadClass('App\\Controllers\\Pages')
 4 SYSTEMPATH\CodeIgniter.php(877): class_exists('\\App\\Controllers\\Pages', true)
 5 SYSTEMPATH\CodeIgniter.php(469): CodeIgniter\CodeIgniter->startController()
 6 SYSTEMPATH\CodeIgniter.php(351): CodeIgniter\CodeIgniter->handleRequest(null, Object(Config\Cache), false)
 7 FCPATH\index.php(67): CodeIgniter\CodeIgniter->run()
CRITICAL - 2023-02-20 23:51:27 --> Undefined variable $cat_id
in APPPATH\Controllers\Pages.php on line 194.
 1 APPPATH\Controllers\Pages.php(194): CodeIgniter\Debug\Exceptions->errorHandler(2, 'Undefined variable $cat_id', 'APPPATH\\Controllers\\Pages.php', 194)
 2 SYSTEMPATH\CodeIgniter.php(927): App\Controllers\Pages->tambah_cat()
 3 SYSTEMPATH\CodeIgniter.php(482): CodeIgniter\CodeIgniter->runController(Object(App\Controllers\Pages))
 4 SYSTEMPATH\CodeIgniter.php(351): CodeIgniter\CodeIgniter->handleRequest(null, Object(Config\Cache), false)
 5 FCPATH\index.php(67): CodeIgniter\CodeIgniter->run()
