ERROR - 2023-06-09 10:31:13 --> Error connecting to the database: mysqli_sql_exception: Unknown database 'cdp' in D:\Suluh\Kerja\project\ppa-its\vendor\codeigniter4\framework\system\Database\MySQLi\Connection.php:173
Stack trace:
#0 D:\Suluh\Kerja\project\ppa-its\vendor\codeigniter4\framework\system\Database\MySQLi\Connection.php(173): mysqli->real_connect('localhost', 'root', Object(SensitiveParameterValue), 'cdp', 3306, '', 0)
#1 D:\Suluh\Kerja\project\ppa-its\vendor\codeigniter4\framework\system\Database\BaseConnection.php(391): CodeIgniter\Database\MySQLi\Connection->connect(false)
#2 D:\Suluh\Kerja\project\ppa-its\vendor\codeigniter4\framework\system\Database\BaseConnection.php(573): CodeIgniter\Database\BaseConnection->initialize()
#3 D:\Suluh\Kerja\project\ppa-its\vendor\codeigniter4\framework\system\Database\BaseBuilder.php(1616): CodeIgniter\Database\BaseConnection->query('SELECT *\nFROM `...', Array, false)
#4 D:\Suluh\Kerja\project\ppa-its\vendor\codeigniter4\framework\system\Model.php(840): CodeIgniter\Database\BaseBuilder->get()
#5 D:\Suluh\Kerja\project\ppa-its\app\Controllers\Home.php(15): CodeIgniter\Model->__call('get', Array)
#6 D:\Suluh\Kerja\project\ppa-its\vendor\codeigniter4\framework\system\CodeIgniter.php(934): App\Controllers\Home->menu()
#7 D:\Suluh\Kerja\project\ppa-its\vendor\codeigniter4\framework\system\CodeIgniter.php(499): CodeIgniter\CodeIgniter->runController(Object(App\Controllers\Home))
#8 D:\Suluh\Kerja\project\ppa-its\vendor\codeigniter4\framework\system\CodeIgniter.php(368): CodeIgniter\CodeIgniter->handleRequest(NULL, Object(Config\Cache), false)
#9 D:\Suluh\Kerja\project\ppa-its\public\index.php(67): CodeIgniter\CodeIgniter->run()
#10 {main}

Next CodeIgniter\Database\Exceptions\DatabaseException: Unknown database 'cdp' in D:\Suluh\Kerja\project\ppa-its\vendor\codeigniter4\framework\system\Database\MySQLi\Connection.php:218
Stack trace:
#0 D:\Suluh\Kerja\project\ppa-its\vendor\codeigniter4\framework\system\Database\BaseConnection.php(391): CodeIgniter\Database\MySQLi\Connection->connect(false)
#1 D:\Suluh\Kerja\project\ppa-its\vendor\codeigniter4\framework\system\Database\BaseConnection.php(573): CodeIgniter\Database\BaseConnection->initialize()
#2 D:\Suluh\Kerja\project\ppa-its\vendor\codeigniter4\framework\system\Database\BaseBuilder.php(1616): CodeIgniter\Database\BaseConnection->query('SELECT *\nFROM `...', Array, false)
#3 D:\Suluh\Kerja\project\ppa-its\vendor\codeigniter4\framework\system\Model.php(840): CodeIgniter\Database\BaseBuilder->get()
#4 D:\Suluh\Kerja\project\ppa-its\app\Controllers\Home.php(15): CodeIgniter\Model->__call('get', Array)
#5 D:\Suluh\Kerja\project\ppa-its\vendor\codeigniter4\framework\system\CodeIgniter.php(934): App\Controllers\Home->menu()
#6 D:\Suluh\Kerja\project\ppa-its\vendor\codeigniter4\framework\system\CodeIgniter.php(499): CodeIgniter\CodeIgniter->runController(Object(App\Controllers\Home))
#7 D:\Suluh\Kerja\project\ppa-its\vendor\codeigniter4\framework\system\CodeIgniter.php(368): CodeIgniter\CodeIgniter->handleRequest(NULL, Object(Config\Cache), false)
#8 D:\Suluh\Kerja\project\ppa-its\public\index.php(67): CodeIgniter\CodeIgniter->run()
#9 {main}
CRITICAL - 2023-06-09 10:31:13 --> Unable to connect to the database.
Main connection [MySQLi]: Unknown database 'cdp'
in SYSTEMPATH\Database\BaseConnection.php on line 427.
 1 SYSTEMPATH\Database\BaseConnection.php(573): CodeIgniter\Database\BaseConnection->initialize()
 2 SYSTEMPATH\Database\BaseBuilder.php(1616): CodeIgniter\Database\BaseConnection->query('SELECT *
FROM `page`
WHERE `id` != :id:
AND `deleted_at` IS NULL', [...], false)
 3 SYSTEMPATH\Model.php(840): CodeIgniter\Database\BaseBuilder->get()
 4 APPPATH\Controllers\Home.php(15): CodeIgniter\Model->__call('get', [])
 5 SYSTEMPATH\CodeIgniter.php(934): App\Controllers\Home->menu()
 6 SYSTEMPATH\CodeIgniter.php(499): CodeIgniter\CodeIgniter->runController(Object(App\Controllers\Home))
 7 SYSTEMPATH\CodeIgniter.php(368): CodeIgniter\CodeIgniter->handleRequest(null, Object(Config\Cache), false)
 8 FCPATH\index.php(67): CodeIgniter\CodeIgniter->run()
ERROR - 2023-06-09 10:31:19 --> Error connecting to the database: mysqli_sql_exception: Unknown database 'cdp' in D:\Suluh\Kerja\project\ppa-its\vendor\codeigniter4\framework\system\Database\MySQLi\Connection.php:173
Stack trace:
#0 D:\Suluh\Kerja\project\ppa-its\vendor\codeigniter4\framework\system\Database\MySQLi\Connection.php(173): mysqli->real_connect('localhost', 'root', Object(SensitiveParameterValue), 'cdp', 3306, '', 0)
#1 D:\Suluh\Kerja\project\ppa-its\vendor\codeigniter4\framework\system\Database\BaseConnection.php(391): CodeIgniter\Database\MySQLi\Connection->connect(false)
#2 D:\Suluh\Kerja\project\ppa-its\vendor\codeigniter4\framework\system\Database\BaseConnection.php(573): CodeIgniter\Database\BaseConnection->initialize()
#3 D:\Suluh\Kerja\project\ppa-its\vendor\codeigniter4\framework\system\Database\BaseBuilder.php(1616): CodeIgniter\Database\BaseConnection->query('SELECT *\nFROM `...', Array, false)
#4 D:\Suluh\Kerja\project\ppa-its\vendor\codeigniter4\framework\system\Model.php(268): CodeIgniter\Database\BaseBuilder->get()
#5 D:\Suluh\Kerja\project\ppa-its\vendor\codeigniter4\framework\system\BaseModel.php(656): CodeIgniter\Model->doFirst()
#6 D:\Suluh\Kerja\project\ppa-its\app\Controllers\Login.php(269): CodeIgniter\BaseModel->first('*')
#7 D:\Suluh\Kerja\project\ppa-its\vendor\codeigniter4\framework\system\CodeIgniter.php(934): App\Controllers\Login->altlogin()
#8 D:\Suluh\Kerja\project\ppa-its\vendor\codeigniter4\framework\system\CodeIgniter.php(499): CodeIgniter\CodeIgniter->runController(Object(App\Controllers\Login))
#9 D:\Suluh\Kerja\project\ppa-its\vendor\codeigniter4\framework\system\CodeIgniter.php(368): CodeIgniter\CodeIgniter->handleRequest(NULL, Object(Config\Cache), false)
#10 D:\Suluh\Kerja\project\ppa-its\public\index.php(67): CodeIgniter\CodeIgniter->run()
#11 {main}

Next CodeIgniter\Database\Exceptions\DatabaseException: Unknown database 'cdp' in D:\Suluh\Kerja\project\ppa-its\vendor\codeigniter4\framework\system\Database\MySQLi\Connection.php:218
Stack trace:
#0 D:\Suluh\Kerja\project\ppa-its\vendor\codeigniter4\framework\system\Database\BaseConnection.php(391): CodeIgniter\Database\MySQLi\Connection->connect(false)
#1 D:\Suluh\Kerja\project\ppa-its\vendor\codeigniter4\framework\system\Database\BaseConnection.php(573): CodeIgniter\Database\BaseConnection->initialize()
#2 D:\Suluh\Kerja\project\ppa-its\vendor\codeigniter4\framework\system\Database\BaseBuilder.php(1616): CodeIgniter\Database\BaseConnection->query('SELECT *\nFROM `...', Array, false)
#3 D:\Suluh\Kerja\project\ppa-its\vendor\codeigniter4\framework\system\Model.php(268): CodeIgniter\Database\BaseBuilder->get()
#4 D:\Suluh\Kerja\project\ppa-its\vendor\codeigniter4\framework\system\BaseModel.php(656): CodeIgniter\Model->doFirst()
#5 D:\Suluh\Kerja\project\ppa-its\app\Controllers\Login.php(269): CodeIgniter\BaseModel->first('*')
#6 D:\Suluh\Kerja\project\ppa-its\vendor\codeigniter4\framework\system\CodeIgniter.php(934): App\Controllers\Login->altlogin()
#7 D:\Suluh\Kerja\project\ppa-its\vendor\codeigniter4\framework\system\CodeIgniter.php(499): CodeIgniter\CodeIgniter->runController(Object(App\Controllers\Login))
#8 D:\Suluh\Kerja\project\ppa-its\vendor\codeigniter4\framework\system\CodeIgniter.php(368): CodeIgniter\CodeIgniter->handleRequest(NULL, Object(Config\Cache), false)
#9 D:\Suluh\Kerja\project\ppa-its\public\index.php(67): CodeIgniter\CodeIgniter->run()
#10 {main}
CRITICAL - 2023-06-09 10:31:19 --> Unable to connect to the database.
Main connection [MySQLi]: Unknown database 'cdp'
in SYSTEMPATH\Database\BaseConnection.php on line 427.
 1 SYSTEMPATH\Database\BaseConnection.php(573): CodeIgniter\Database\BaseConnection->initialize()
 2 SYSTEMPATH\Database\BaseBuilder.php(1616): CodeIgniter\Database\BaseConnection->query('SELECT *
FROM `user`
 LIMIT 1', [], false)
 3 SYSTEMPATH\Model.php(268): CodeIgniter\Database\BaseBuilder->get()
 4 SYSTEMPATH\BaseModel.php(656): CodeIgniter\Model->doFirst()
 5 APPPATH\Controllers\Login.php(269): CodeIgniter\BaseModel->first('*')
 6 SYSTEMPATH\CodeIgniter.php(934): App\Controllers\Login->altlogin()
 7 SYSTEMPATH\CodeIgniter.php(499): CodeIgniter\CodeIgniter->runController(Object(App\Controllers\Login))
 8 SYSTEMPATH\CodeIgniter.php(368): CodeIgniter\CodeIgniter->handleRequest(null, Object(Config\Cache), false)
 9 FCPATH\index.php(67): CodeIgniter\CodeIgniter->run()
