ERROR - 2023-12-20 16:16:52 --> Error connecting to the database: mysqli_sql_exception: Access denied for user 'root'@'localhost' (using password: NO) in /Users/suluh/Documents/GitHub/cendratama/ci/vendor/codeigniter4/framework/system/Database/MySQLi/Connection.php:173
Stack trace:
#0 /Users/suluh/Documents/GitHub/cendratama/ci/vendor/codeigniter4/framework/system/Database/MySQLi/Connection.php(173): mysqli->real_connect('localhost', 'root', Object(SensitiveParameterValue), 'ci4', 3306, '', 0)
#1 /Users/suluh/Documents/GitHub/cendratama/ci/vendor/codeigniter4/framework/system/Database/BaseConnection.php(391): CodeIgniter\Database\MySQLi\Connection->connect(false)
#2 /Users/suluh/Documents/GitHub/cendratama/ci/vendor/codeigniter4/framework/system/Database/BaseConnection.php(573): CodeIgniter\Database\BaseConnection->initialize()
#3 /Users/suluh/Documents/GitHub/cendratama/ci/vendor/codeigniter4/framework/system/Database/BaseBuilder.php(1616): CodeIgniter\Database\BaseConnection->query('SELECT *\nFROM `...', Array, false)
#4 /Users/suluh/Documents/GitHub/cendratama/ci/vendor/codeigniter4/framework/system/Model.php(840): CodeIgniter\Database\BaseBuilder->get()
#5 /Users/suluh/Documents/GitHub/cendratama/ci/app/Controllers/Home.php(15): CodeIgniter\Model->__call('get', Array)
#6 /Users/suluh/Documents/GitHub/cendratama/ci/vendor/codeigniter4/framework/system/CodeIgniter.php(934): App\Controllers\Home->menu()
#7 /Users/suluh/Documents/GitHub/cendratama/ci/vendor/codeigniter4/framework/system/CodeIgniter.php(499): CodeIgniter\CodeIgniter->runController(Object(App\Controllers\Home))
#8 /Users/suluh/Documents/GitHub/cendratama/ci/vendor/codeigniter4/framework/system/CodeIgniter.php(368): CodeIgniter\CodeIgniter->handleRequest(NULL, Object(Config\Cache), false)
#9 /Users/suluh/Documents/GitHub/cendratamapublic/index.php(67): CodeIgniter\CodeIgniter->run()
#10 {main}

Next CodeIgniter\Database\Exceptions\DatabaseException: Access denied for user '****'@'localhost' (using password: NO) in /Users/suluh/Documents/GitHub/cendratama/ci/vendor/codeigniter4/framework/system/Database/MySQLi/Connection.php:218
Stack trace:
#0 /Users/suluh/Documents/GitHub/cendratama/ci/vendor/codeigniter4/framework/system/Database/BaseConnection.php(391): CodeIgniter\Database\MySQLi\Connection->connect(false)
#1 /Users/suluh/Documents/GitHub/cendratama/ci/vendor/codeigniter4/framework/system/Database/BaseConnection.php(573): CodeIgniter\Database\BaseConnection->initialize()
#2 /Users/suluh/Documents/GitHub/cendratama/ci/vendor/codeigniter4/framework/system/Database/BaseBuilder.php(1616): CodeIgniter\Database\BaseConnection->query('SELECT *\nFROM `...', Array, false)
#3 /Users/suluh/Documents/GitHub/cendratama/ci/vendor/codeigniter4/framework/system/Model.php(840): CodeIgniter\Database\BaseBuilder->get()
#4 /Users/suluh/Documents/GitHub/cendratama/ci/app/Controllers/Home.php(15): CodeIgniter\Model->__call('get', Array)
#5 /Users/suluh/Documents/GitHub/cendratama/ci/vendor/codeigniter4/framework/system/CodeIgniter.php(934): App\Controllers\Home->menu()
#6 /Users/suluh/Documents/GitHub/cendratama/ci/vendor/codeigniter4/framework/system/CodeIgniter.php(499): CodeIgniter\CodeIgniter->runController(Object(App\Controllers\Home))
#7 /Users/suluh/Documents/GitHub/cendratama/ci/vendor/codeigniter4/framework/system/CodeIgniter.php(368): CodeIgniter\CodeIgniter->handleRequest(NULL, Object(Config\Cache), false)
#8 /Users/suluh/Documents/GitHub/cendratamapublic/index.php(67): CodeIgniter\CodeIgniter->run()
#9 {main}
CRITICAL - 2023-12-20 16:16:52 --> Unable to connect to the database.
Main connection [MySQLi]: Access denied for user '****'@'localhost' (using password: NO)
in SYSTEMPATH/Database/BaseConnection.php on line 427.
 1 SYSTEMPATH/Database/BaseConnection.php(573): CodeIgniter\Database\BaseConnection->initialize()
 2 SYSTEMPATH/Database/BaseBuilder.php(1616): CodeIgniter\Database\BaseConnection->query('SELECT *
FROM `page`
WHERE `id` != :id:
AND `deleted_at` IS NULL', [...], false)
 3 SYSTEMPATH/Model.php(840): CodeIgniter\Database\BaseBuilder->get()
 4 APPPATH/Controllers/Home.php(15): CodeIgniter\Model->__call('get', [])
 5 SYSTEMPATH/CodeIgniter.php(934): App\Controllers\Home->menu()
 6 SYSTEMPATH/CodeIgniter.php(499): CodeIgniter\CodeIgniter->runController(Object(App\Controllers\Home))
 7 SYSTEMPATH/CodeIgniter.php(368): CodeIgniter\CodeIgniter->handleRequest(null, Object(Config\Cache), false)
 8 FCPATH/index.php(67): CodeIgniter\CodeIgniter->run()
ERROR - 2023-12-20 16:16:52 --> Error connecting to the database: mysqli_sql_exception: Access denied for user 'root'@'localhost' (using password: NO) in /Users/suluh/Documents/GitHub/cendratama/ci/vendor/codeigniter4/framework/system/Database/MySQLi/Connection.php:173
Stack trace:
#0 /Users/suluh/Documents/GitHub/cendratama/ci/vendor/codeigniter4/framework/system/Database/MySQLi/Connection.php(173): mysqli->real_connect('localhost', 'root', Object(SensitiveParameterValue), 'ci4', 3306, '', 0)
#1 /Users/suluh/Documents/GitHub/cendratama/ci/vendor/codeigniter4/framework/system/Database/BaseConnection.php(391): CodeIgniter\Database\MySQLi\Connection->connect(false)
#2 /Users/suluh/Documents/GitHub/cendratama/ci/vendor/codeigniter4/framework/system/Database/BaseConnection.php(573): CodeIgniter\Database\BaseConnection->initialize()
#3 /Users/suluh/Documents/GitHub/cendratama/ci/vendor/codeigniter4/framework/system/Database/BaseBuilder.php(1616): CodeIgniter\Database\BaseConnection->query('SELECT *\nFROM `...', Array, false)
#4 /Users/suluh/Documents/GitHub/cendratama/ci/vendor/codeigniter4/framework/system/Model.php(840): CodeIgniter\Database\BaseBuilder->get()
#5 /Users/suluh/Documents/GitHub/cendratama/ci/app/Controllers/Home.php(52): CodeIgniter\Model->__call('get', Array)
#6 /Users/suluh/Documents/GitHub/cendratama/ci/vendor/codeigniter4/framework/system/CodeIgniter.php(934): App\Controllers\Home->getSlider()
#7 /Users/suluh/Documents/GitHub/cendratama/ci/vendor/codeigniter4/framework/system/CodeIgniter.php(499): CodeIgniter\CodeIgniter->runController(Object(App\Controllers\Home))
#8 /Users/suluh/Documents/GitHub/cendratama/ci/vendor/codeigniter4/framework/system/CodeIgniter.php(368): CodeIgniter\CodeIgniter->handleRequest(NULL, Object(Config\Cache), false)
#9 /Users/suluh/Documents/GitHub/cendratamapublic/index.php(67): CodeIgniter\CodeIgniter->run()
#10 {main}

Next CodeIgniter\Database\Exceptions\DatabaseException: Access denied for user '****'@'localhost' (using password: NO) in /Users/suluh/Documents/GitHub/cendratama/ci/vendor/codeigniter4/framework/system/Database/MySQLi/Connection.php:218
Stack trace:
#0 /Users/suluh/Documents/GitHub/cendratama/ci/vendor/codeigniter4/framework/system/Database/BaseConnection.php(391): CodeIgniter\Database\MySQLi\Connection->connect(false)
#1 /Users/suluh/Documents/GitHub/cendratama/ci/vendor/codeigniter4/framework/system/Database/BaseConnection.php(573): CodeIgniter\Database\BaseConnection->initialize()
#2 /Users/suluh/Documents/GitHub/cendratama/ci/vendor/codeigniter4/framework/system/Database/BaseBuilder.php(1616): CodeIgniter\Database\BaseConnection->query('SELECT *\nFROM `...', Array, false)
#3 /Users/suluh/Documents/GitHub/cendratama/ci/vendor/codeigniter4/framework/system/Model.php(840): CodeIgniter\Database\BaseBuilder->get()
#4 /Users/suluh/Documents/GitHub/cendratama/ci/app/Controllers/Home.php(52): CodeIgniter\Model->__call('get', Array)
#5 /Users/suluh/Documents/GitHub/cendratama/ci/vendor/codeigniter4/framework/system/CodeIgniter.php(934): App\Controllers\Home->getSlider()
#6 /Users/suluh/Documents/GitHub/cendratama/ci/vendor/codeigniter4/framework/system/CodeIgniter.php(499): CodeIgniter\CodeIgniter->runController(Object(App\Controllers\Home))
#7 /Users/suluh/Documents/GitHub/cendratama/ci/vendor/codeigniter4/framework/system/CodeIgniter.php(368): CodeIgniter\CodeIgniter->handleRequest(NULL, Object(Config\Cache), false)
#8 /Users/suluh/Documents/GitHub/cendratamapublic/index.php(67): CodeIgniter\CodeIgniter->run()
#9 {main}
CRITICAL - 2023-12-20 16:16:52 --> Unable to connect to the database.
Main connection [MySQLi]: Access denied for user '****'@'localhost' (using password: NO)
in SYSTEMPATH/Database/BaseConnection.php on line 427.
 1 SYSTEMPATH/Database/BaseConnection.php(573): CodeIgniter\Database\BaseConnection->initialize()
 2 SYSTEMPATH/Database/BaseBuilder.php(1616): CodeIgniter\Database\BaseConnection->query('SELECT *
FROM `slider`
WHERE `status` = :status:
AND `deleted_at` IS NULL', [...], false)
 3 SYSTEMPATH/Model.php(840): CodeIgniter\Database\BaseBuilder->get()
 4 APPPATH/Controllers/Home.php(52): CodeIgniter\Model->__call('get', [])
 5 SYSTEMPATH/CodeIgniter.php(934): App\Controllers\Home->getSlider()
 6 SYSTEMPATH/CodeIgniter.php(499): CodeIgniter\CodeIgniter->runController(Object(App\Controllers\Home))
 7 SYSTEMPATH/CodeIgniter.php(368): CodeIgniter\CodeIgniter->handleRequest(null, Object(Config\Cache), false)
 8 FCPATH/index.php(67): CodeIgniter\CodeIgniter->run()
ERROR - 2023-12-20 16:17:01 --> Error connecting to the database: mysqli_sql_exception: Access denied for user 'root'@'localhost' (using password: NO) in /Users/suluh/Documents/GitHub/cendratama/ci/vendor/codeigniter4/framework/system/Database/MySQLi/Connection.php:173
Stack trace:
#0 /Users/suluh/Documents/GitHub/cendratama/ci/vendor/codeigniter4/framework/system/Database/MySQLi/Connection.php(173): mysqli->real_connect('localhost', 'root', Object(SensitiveParameterValue), 'ci4', 3306, '', 0)
#1 /Users/suluh/Documents/GitHub/cendratama/ci/vendor/codeigniter4/framework/system/Database/BaseConnection.php(391): CodeIgniter\Database\MySQLi\Connection->connect(false)
#2 /Users/suluh/Documents/GitHub/cendratama/ci/vendor/codeigniter4/framework/system/Database/BaseConnection.php(573): CodeIgniter\Database\BaseConnection->initialize()
#3 /Users/suluh/Documents/GitHub/cendratama/ci/vendor/codeigniter4/framework/system/Database/BaseBuilder.php(1700): CodeIgniter\Database\BaseConnection->query('SELECT COUNT(*)...', Array, false)
#4 /Users/suluh/Documents/GitHub/cendratama/ci/vendor/codeigniter4/framework/system/Model.php(606): CodeIgniter\Database\BaseBuilder->countAllResults(true)
#5 /Users/suluh/Documents/GitHub/cendratama/ci/app/Controllers/Login.php(250): CodeIgniter\Model->countAllResults()
#6 /Users/suluh/Documents/GitHub/cendratama/ci/vendor/codeigniter4/framework/system/CodeIgniter.php(934): App\Controllers\Login->index()
#7 /Users/suluh/Documents/GitHub/cendratama/ci/vendor/codeigniter4/framework/system/CodeIgniter.php(499): CodeIgniter\CodeIgniter->runController(Object(App\Controllers\Login))
#8 /Users/suluh/Documents/GitHub/cendratama/ci/vendor/codeigniter4/framework/system/CodeIgniter.php(368): CodeIgniter\CodeIgniter->handleRequest(NULL, Object(Config\Cache), false)
#9 /Users/suluh/Documents/GitHub/cendratamapublic/index.php(67): CodeIgniter\CodeIgniter->run()
#10 {main}

Next CodeIgniter\Database\Exceptions\DatabaseException: Access denied for user '****'@'localhost' (using password: NO) in /Users/suluh/Documents/GitHub/cendratama/ci/vendor/codeigniter4/framework/system/Database/MySQLi/Connection.php:218
Stack trace:
#0 /Users/suluh/Documents/GitHub/cendratama/ci/vendor/codeigniter4/framework/system/Database/BaseConnection.php(391): CodeIgniter\Database\MySQLi\Connection->connect(false)
#1 /Users/suluh/Documents/GitHub/cendratama/ci/vendor/codeigniter4/framework/system/Database/BaseConnection.php(573): CodeIgniter\Database\BaseConnection->initialize()
#2 /Users/suluh/Documents/GitHub/cendratama/ci/vendor/codeigniter4/framework/system/Database/BaseBuilder.php(1700): CodeIgniter\Database\BaseConnection->query('SELECT COUNT(*)...', Array, false)
#3 /Users/suluh/Documents/GitHub/cendratama/ci/vendor/codeigniter4/framework/system/Model.php(606): CodeIgniter\Database\BaseBuilder->countAllResults(true)
#4 /Users/suluh/Documents/GitHub/cendratama/ci/app/Controllers/Login.php(250): CodeIgniter\Model->countAllResults()
#5 /Users/suluh/Documents/GitHub/cendratama/ci/vendor/codeigniter4/framework/system/CodeIgniter.php(934): App\Controllers\Login->index()
#6 /Users/suluh/Documents/GitHub/cendratama/ci/vendor/codeigniter4/framework/system/CodeIgniter.php(499): CodeIgniter\CodeIgniter->runController(Object(App\Controllers\Login))
#7 /Users/suluh/Documents/GitHub/cendratama/ci/vendor/codeigniter4/framework/system/CodeIgniter.php(368): CodeIgniter\CodeIgniter->handleRequest(NULL, Object(Config\Cache), false)
#8 /Users/suluh/Documents/GitHub/cendratamapublic/index.php(67): CodeIgniter\CodeIgniter->run()
#9 {main}
CRITICAL - 2023-12-20 16:17:01 --> Unable to connect to the database.
Main connection [MySQLi]: Access denied for user '****'@'localhost' (using password: NO)
in SYSTEMPATH/Database/BaseConnection.php on line 427.
 1 SYSTEMPATH/Database/BaseConnection.php(573): CodeIgniter\Database\BaseConnection->initialize()
 2 SYSTEMPATH/Database/BaseBuilder.php(1700): CodeIgniter\Database\BaseConnection->query('SELECT COUNT(*) AS `numrows`
FROM `user`', [], false)
 3 SYSTEMPATH/Model.php(606): CodeIgniter\Database\BaseBuilder->countAllResults(true)
 4 APPPATH/Controllers/Login.php(250): CodeIgniter\Model->countAllResults()
 5 SYSTEMPATH/CodeIgniter.php(934): App\Controllers\Login->index()
 6 SYSTEMPATH/CodeIgniter.php(499): CodeIgniter\CodeIgniter->runController(Object(App\Controllers\Login))
 7 SYSTEMPATH/CodeIgniter.php(368): CodeIgniter\CodeIgniter->handleRequest(null, Object(Config\Cache), false)
 8 FCPATH/index.php(67): CodeIgniter\CodeIgniter->run()
ERROR - 2023-12-20 16:21:11 --> Error connecting to the database: mysqli_sql_exception: No such file or directory in /Users/suluh/Documents/GitHub/cendratama/ci/vendor/codeigniter4/framework/system/Database/MySQLi/Connection.php:173
Stack trace:
#0 /Users/suluh/Documents/GitHub/cendratama/ci/vendor/codeigniter4/framework/system/Database/MySQLi/Connection.php(173): mysqli->real_connect('localhost', 'root', Object(SensitiveParameterValue), 'ci4', 3306, '', 0)
#1 /Users/suluh/Documents/GitHub/cendratama/ci/vendor/codeigniter4/framework/system/Database/BaseConnection.php(391): CodeIgniter\Database\MySQLi\Connection->connect(false)
#2 /Users/suluh/Documents/GitHub/cendratama/ci/vendor/codeigniter4/framework/system/Database/BaseConnection.php(573): CodeIgniter\Database\BaseConnection->initialize()
#3 /Users/suluh/Documents/GitHub/cendratama/ci/vendor/codeigniter4/framework/system/Database/BaseConnection.php(1408): CodeIgniter\Database\BaseConnection->query('SHOW TABLES FRO...')
#4 /Users/suluh/Documents/GitHub/cendratama/ci/vendor/codeigniter4/framework/system/Database/BaseConnection.php(1427): CodeIgniter\Database\BaseConnection->listTables()
#5 /Users/suluh/Documents/GitHub/cendratama/ci/vendor/codeigniter4/framework/system/Database/MigrationRunner.php(768): CodeIgniter\Database\BaseConnection->tableExists('migrations')
#6 /Users/suluh/Documents/GitHub/cendratama/ci/vendor/codeigniter4/framework/system/Database/MigrationRunner.php(168): CodeIgniter\Database\MigrationRunner->ensureTable()
#7 /Users/suluh/Documents/GitHub/cendratama/ci/vendor/codeigniter4/framework/system/Commands/Database/Migrate.php(84): CodeIgniter\Database\MigrationRunner->latest(NULL)
#8 /Users/suluh/Documents/GitHub/cendratama/ci/vendor/codeigniter4/framework/system/CLI/Commands.php(65): CodeIgniter\Commands\Database\Migrate->run(Array)
#9 /Users/suluh/Documents/GitHub/cendratama/ci/vendor/codeigniter4/framework/system/CLI/Console.php(37): CodeIgniter\CLI\Commands->run('migrate', Array)
#10 /Users/suluh/Documents/GitHub/cendratama/ci/spark(97): CodeIgniter\CLI\Console->run()
#11 {main}

Next CodeIgniter\Database\Exceptions\DatabaseException: No such file or directory in /Users/suluh/Documents/GitHub/cendratama/ci/vendor/codeigniter4/framework/system/Database/MySQLi/Connection.php:218
Stack trace:
#0 /Users/suluh/Documents/GitHub/cendratama/ci/vendor/codeigniter4/framework/system/Database/BaseConnection.php(391): CodeIgniter\Database\MySQLi\Connection->connect(false)
#1 /Users/suluh/Documents/GitHub/cendratama/ci/vendor/codeigniter4/framework/system/Database/BaseConnection.php(573): CodeIgniter\Database\BaseConnection->initialize()
#2 /Users/suluh/Documents/GitHub/cendratama/ci/vendor/codeigniter4/framework/system/Database/BaseConnection.php(1408): CodeIgniter\Database\BaseConnection->query('SHOW TABLES FRO...')
#3 /Users/suluh/Documents/GitHub/cendratama/ci/vendor/codeigniter4/framework/system/Database/BaseConnection.php(1427): CodeIgniter\Database\BaseConnection->listTables()
#4 /Users/suluh/Documents/GitHub/cendratama/ci/vendor/codeigniter4/framework/system/Database/MigrationRunner.php(768): CodeIgniter\Database\BaseConnection->tableExists('migrations')
#5 /Users/suluh/Documents/GitHub/cendratama/ci/vendor/codeigniter4/framework/system/Database/MigrationRunner.php(168): CodeIgniter\Database\MigrationRunner->ensureTable()
#6 /Users/suluh/Documents/GitHub/cendratama/ci/vendor/codeigniter4/framework/system/Commands/Database/Migrate.php(84): CodeIgniter\Database\MigrationRunner->latest(NULL)
#7 /Users/suluh/Documents/GitHub/cendratama/ci/vendor/codeigniter4/framework/system/CLI/Commands.php(65): CodeIgniter\Commands\Database\Migrate->run(Array)
#8 /Users/suluh/Documents/GitHub/cendratama/ci/vendor/codeigniter4/framework/system/CLI/Console.php(37): CodeIgniter\CLI\Commands->run('migrate', Array)
#9 /Users/suluh/Documents/GitHub/cendratama/ci/spark(97): CodeIgniter\CLI\Console->run()
#10 {main}
ERROR - 2023-12-20 16:21:46 --> Error connecting to the database: mysqli_sql_exception: No such file or directory in /Users/suluh/Documents/GitHub/cendratama/ci/vendor/codeigniter4/framework/system/Database/MySQLi/Connection.php:173
Stack trace:
#0 /Users/suluh/Documents/GitHub/cendratama/ci/vendor/codeigniter4/framework/system/Database/MySQLi/Connection.php(173): mysqli->real_connect('localhost', 'root', Object(SensitiveParameterValue), 'ci4', 3306, '', 0)
#1 /Users/suluh/Documents/GitHub/cendratama/ci/vendor/codeigniter4/framework/system/Database/BaseConnection.php(391): CodeIgniter\Database\MySQLi\Connection->connect(false)
#2 /Users/suluh/Documents/GitHub/cendratama/ci/vendor/codeigniter4/framework/system/Database/BaseConnection.php(573): CodeIgniter\Database\BaseConnection->initialize()
#3 /Users/suluh/Documents/GitHub/cendratama/ci/vendor/codeigniter4/framework/system/Database/BaseConnection.php(1408): CodeIgniter\Database\BaseConnection->query('SHOW TABLES FRO...')
#4 /Users/suluh/Documents/GitHub/cendratama/ci/vendor/codeigniter4/framework/system/Database/BaseConnection.php(1427): CodeIgniter\Database\BaseConnection->listTables()
#5 /Users/suluh/Documents/GitHub/cendratama/ci/vendor/codeigniter4/framework/system/Database/MigrationRunner.php(768): CodeIgniter\Database\BaseConnection->tableExists('migrations')
#6 /Users/suluh/Documents/GitHub/cendratama/ci/vendor/codeigniter4/framework/system/Database/MigrationRunner.php(168): CodeIgniter\Database\MigrationRunner->ensureTable()
#7 /Users/suluh/Documents/GitHub/cendratama/ci/vendor/codeigniter4/framework/system/Commands/Database/Migrate.php(84): CodeIgniter\Database\MigrationRunner->latest(NULL)
#8 /Users/suluh/Documents/GitHub/cendratama/ci/vendor/codeigniter4/framework/system/CLI/Commands.php(65): CodeIgniter\Commands\Database\Migrate->run(Array)
#9 /Users/suluh/Documents/GitHub/cendratama/ci/vendor/codeigniter4/framework/system/CLI/Console.php(37): CodeIgniter\CLI\Commands->run('migrate', Array)
#10 /Users/suluh/Documents/GitHub/cendratama/ci/spark(97): CodeIgniter\CLI\Console->run()
#11 {main}

Next CodeIgniter\Database\Exceptions\DatabaseException: No such file or directory in /Users/suluh/Documents/GitHub/cendratama/ci/vendor/codeigniter4/framework/system/Database/MySQLi/Connection.php:218
Stack trace:
#0 /Users/suluh/Documents/GitHub/cendratama/ci/vendor/codeigniter4/framework/system/Database/BaseConnection.php(391): CodeIgniter\Database\MySQLi\Connection->connect(false)
#1 /Users/suluh/Documents/GitHub/cendratama/ci/vendor/codeigniter4/framework/system/Database/BaseConnection.php(573): CodeIgniter\Database\BaseConnection->initialize()
#2 /Users/suluh/Documents/GitHub/cendratama/ci/vendor/codeigniter4/framework/system/Database/BaseConnection.php(1408): CodeIgniter\Database\BaseConnection->query('SHOW TABLES FRO...')
#3 /Users/suluh/Documents/GitHub/cendratama/ci/vendor/codeigniter4/framework/system/Database/BaseConnection.php(1427): CodeIgniter\Database\BaseConnection->listTables()
#4 /Users/suluh/Documents/GitHub/cendratama/ci/vendor/codeigniter4/framework/system/Database/MigrationRunner.php(768): CodeIgniter\Database\BaseConnection->tableExists('migrations')
#5 /Users/suluh/Documents/GitHub/cendratama/ci/vendor/codeigniter4/framework/system/Database/MigrationRunner.php(168): CodeIgniter\Database\MigrationRunner->ensureTable()
#6 /Users/suluh/Documents/GitHub/cendratama/ci/vendor/codeigniter4/framework/system/Commands/Database/Migrate.php(84): CodeIgniter\Database\MigrationRunner->latest(NULL)
#7 /Users/suluh/Documents/GitHub/cendratama/ci/vendor/codeigniter4/framework/system/CLI/Commands.php(65): CodeIgniter\Commands\Database\Migrate->run(Array)
#8 /Users/suluh/Documents/GitHub/cendratama/ci/vendor/codeigniter4/framework/system/CLI/Console.php(37): CodeIgniter\CLI\Commands->run('migrate', Array)
#9 /Users/suluh/Documents/GitHub/cendratama/ci/spark(97): CodeIgniter\CLI\Console->run()
#10 {main}
ERROR - 2023-12-20 16:21:48 --> Error connecting to the database: mysqli_sql_exception: No such file or directory in /Users/suluh/Documents/GitHub/cendratama/ci/vendor/codeigniter4/framework/system/Database/MySQLi/Connection.php:173
Stack trace:
#0 /Users/suluh/Documents/GitHub/cendratama/ci/vendor/codeigniter4/framework/system/Database/MySQLi/Connection.php(173): mysqli->real_connect('localhost', 'root', Object(SensitiveParameterValue), 'ci4', 3306, '', 0)
#1 /Users/suluh/Documents/GitHub/cendratama/ci/vendor/codeigniter4/framework/system/Database/BaseConnection.php(391): CodeIgniter\Database\MySQLi\Connection->connect(false)
#2 /Users/suluh/Documents/GitHub/cendratama/ci/vendor/codeigniter4/framework/system/Database/BaseConnection.php(573): CodeIgniter\Database\BaseConnection->initialize()
#3 /Users/suluh/Documents/GitHub/cendratama/ci/vendor/codeigniter4/framework/system/Database/BaseConnection.php(1408): CodeIgniter\Database\BaseConnection->query('SHOW TABLES FRO...')
#4 /Users/suluh/Documents/GitHub/cendratama/ci/vendor/codeigniter4/framework/system/Database/BaseConnection.php(1427): CodeIgniter\Database\BaseConnection->listTables()
#5 /Users/suluh/Documents/GitHub/cendratama/ci/vendor/codeigniter4/framework/system/Database/MigrationRunner.php(768): CodeIgniter\Database\BaseConnection->tableExists('migrations')
#6 /Users/suluh/Documents/GitHub/cendratama/ci/vendor/codeigniter4/framework/system/Database/MigrationRunner.php(168): CodeIgniter\Database\MigrationRunner->ensureTable()
#7 /Users/suluh/Documents/GitHub/cendratama/ci/vendor/codeigniter4/framework/system/Commands/Database/Migrate.php(84): CodeIgniter\Database\MigrationRunner->latest(NULL)
#8 /Users/suluh/Documents/GitHub/cendratama/ci/vendor/codeigniter4/framework/system/CLI/Commands.php(65): CodeIgniter\Commands\Database\Migrate->run(Array)
#9 /Users/suluh/Documents/GitHub/cendratama/ci/vendor/codeigniter4/framework/system/CLI/Console.php(37): CodeIgniter\CLI\Commands->run('migrate', Array)
#10 /Users/suluh/Documents/GitHub/cendratama/ci/spark(97): CodeIgniter\CLI\Console->run()
#11 {main}

Next CodeIgniter\Database\Exceptions\DatabaseException: No such file or directory in /Users/suluh/Documents/GitHub/cendratama/ci/vendor/codeigniter4/framework/system/Database/MySQLi/Connection.php:218
Stack trace:
#0 /Users/suluh/Documents/GitHub/cendratama/ci/vendor/codeigniter4/framework/system/Database/BaseConnection.php(391): CodeIgniter\Database\MySQLi\Connection->connect(false)
#1 /Users/suluh/Documents/GitHub/cendratama/ci/vendor/codeigniter4/framework/system/Database/BaseConnection.php(573): CodeIgniter\Database\BaseConnection->initialize()
#2 /Users/suluh/Documents/GitHub/cendratama/ci/vendor/codeigniter4/framework/system/Database/BaseConnection.php(1408): CodeIgniter\Database\BaseConnection->query('SHOW TABLES FRO...')
#3 /Users/suluh/Documents/GitHub/cendratama/ci/vendor/codeigniter4/framework/system/Database/BaseConnection.php(1427): CodeIgniter\Database\BaseConnection->listTables()
#4 /Users/suluh/Documents/GitHub/cendratama/ci/vendor/codeigniter4/framework/system/Database/MigrationRunner.php(768): CodeIgniter\Database\BaseConnection->tableExists('migrations')
#5 /Users/suluh/Documents/GitHub/cendratama/ci/vendor/codeigniter4/framework/system/Database/MigrationRunner.php(168): CodeIgniter\Database\MigrationRunner->ensureTable()
#6 /Users/suluh/Documents/GitHub/cendratama/ci/vendor/codeigniter4/framework/system/Commands/Database/Migrate.php(84): CodeIgniter\Database\MigrationRunner->latest(NULL)
#7 /Users/suluh/Documents/GitHub/cendratama/ci/vendor/codeigniter4/framework/system/CLI/Commands.php(65): CodeIgniter\Commands\Database\Migrate->run(Array)
#8 /Users/suluh/Documents/GitHub/cendratama/ci/vendor/codeigniter4/framework/system/CLI/Console.php(37): CodeIgniter\CLI\Commands->run('migrate', Array)
#9 /Users/suluh/Documents/GitHub/cendratama/ci/spark(97): CodeIgniter\CLI\Console->run()
#10 {main}
ERROR - 2023-12-20 16:21:55 --> Error connecting to the database: mysqli_sql_exception: No such file or directory in /Users/suluh/Documents/GitHub/cendratama/ci/vendor/codeigniter4/framework/system/Database/MySQLi/Connection.php:173
Stack trace:
#0 /Users/suluh/Documents/GitHub/cendratama/ci/vendor/codeigniter4/framework/system/Database/MySQLi/Connection.php(173): mysqli->real_connect('localhost', 'root', Object(SensitiveParameterValue), 'ci4', 3306, '', 0)
#1 /Users/suluh/Documents/GitHub/cendratama/ci/vendor/codeigniter4/framework/system/Database/BaseConnection.php(391): CodeIgniter\Database\MySQLi\Connection->connect(false)
#2 /Users/suluh/Documents/GitHub/cendratama/ci/vendor/codeigniter4/framework/system/Database/BaseConnection.php(573): CodeIgniter\Database\BaseConnection->initialize()
#3 /Users/suluh/Documents/GitHub/cendratama/ci/vendor/codeigniter4/framework/system/Database/BaseConnection.php(1408): CodeIgniter\Database\BaseConnection->query('SHOW TABLES FRO...')
#4 /Users/suluh/Documents/GitHub/cendratama/ci/vendor/codeigniter4/framework/system/Database/BaseConnection.php(1427): CodeIgniter\Database\BaseConnection->listTables()
#5 /Users/suluh/Documents/GitHub/cendratama/ci/vendor/codeigniter4/framework/system/Database/MigrationRunner.php(768): CodeIgniter\Database\BaseConnection->tableExists('migrations')
#6 /Users/suluh/Documents/GitHub/cendratama/ci/vendor/codeigniter4/framework/system/Database/MigrationRunner.php(168): CodeIgniter\Database\MigrationRunner->ensureTable()
#7 /Users/suluh/Documents/GitHub/cendratama/ci/vendor/codeigniter4/framework/system/Commands/Database/Migrate.php(84): CodeIgniter\Database\MigrationRunner->latest(NULL)
#8 /Users/suluh/Documents/GitHub/cendratama/ci/vendor/codeigniter4/framework/system/CLI/Commands.php(65): CodeIgniter\Commands\Database\Migrate->run(Array)
#9 /Users/suluh/Documents/GitHub/cendratama/ci/vendor/codeigniter4/framework/system/CLI/Console.php(37): CodeIgniter\CLI\Commands->run('migrate', Array)
#10 /Users/suluh/Documents/GitHub/cendratama/ci/spark(97): CodeIgniter\CLI\Console->run()
#11 {main}

Next CodeIgniter\Database\Exceptions\DatabaseException: No such file or directory in /Users/suluh/Documents/GitHub/cendratama/ci/vendor/codeigniter4/framework/system/Database/MySQLi/Connection.php:218
Stack trace:
#0 /Users/suluh/Documents/GitHub/cendratama/ci/vendor/codeigniter4/framework/system/Database/BaseConnection.php(391): CodeIgniter\Database\MySQLi\Connection->connect(false)
#1 /Users/suluh/Documents/GitHub/cendratama/ci/vendor/codeigniter4/framework/system/Database/BaseConnection.php(573): CodeIgniter\Database\BaseConnection->initialize()
#2 /Users/suluh/Documents/GitHub/cendratama/ci/vendor/codeigniter4/framework/system/Database/BaseConnection.php(1408): CodeIgniter\Database\BaseConnection->query('SHOW TABLES FRO...')
#3 /Users/suluh/Documents/GitHub/cendratama/ci/vendor/codeigniter4/framework/system/Database/BaseConnection.php(1427): CodeIgniter\Database\BaseConnection->listTables()
#4 /Users/suluh/Documents/GitHub/cendratama/ci/vendor/codeigniter4/framework/system/Database/MigrationRunner.php(768): CodeIgniter\Database\BaseConnection->tableExists('migrations')
#5 /Users/suluh/Documents/GitHub/cendratama/ci/vendor/codeigniter4/framework/system/Database/MigrationRunner.php(168): CodeIgniter\Database\MigrationRunner->ensureTable()
#6 /Users/suluh/Documents/GitHub/cendratama/ci/vendor/codeigniter4/framework/system/Commands/Database/Migrate.php(84): CodeIgniter\Database\MigrationRunner->latest(NULL)
#7 /Users/suluh/Documents/GitHub/cendratama/ci/vendor/codeigniter4/framework/system/CLI/Commands.php(65): CodeIgniter\Commands\Database\Migrate->run(Array)
#8 /Users/suluh/Documents/GitHub/cendratama/ci/vendor/codeigniter4/framework/system/CLI/Console.php(37): CodeIgniter\CLI\Commands->run('migrate', Array)
#9 /Users/suluh/Documents/GitHub/cendratama/ci/spark(97): CodeIgniter\CLI\Console->run()
#10 {main}
ERROR - 2023-12-20 16:22:33 --> mysqli_sql_exception: Table 'ci4.page' doesn't exist in /Users/suluh/Documents/GitHub/cendratama/ci/vendor/codeigniter4/framework/system/Database/MySQLi/Connection.php:295
Stack trace:
#0 /Users/suluh/Documents/GitHub/cendratama/ci/vendor/codeigniter4/framework/system/Database/MySQLi/Connection.php(295): mysqli->query('SELECT *\nFROM `...', 0)
#1 /Users/suluh/Documents/GitHub/cendratama/ci/vendor/codeigniter4/framework/system/Database/BaseConnection.php(691): CodeIgniter\Database\MySQLi\Connection->execute('SELECT *\nFROM `...')
#2 /Users/suluh/Documents/GitHub/cendratama/ci/vendor/codeigniter4/framework/system/Database/BaseConnection.php(605): CodeIgniter\Database\BaseConnection->simpleQuery('SELECT *\nFROM `...')
#3 /Users/suluh/Documents/GitHub/cendratama/ci/vendor/codeigniter4/framework/system/Database/BaseBuilder.php(1616): CodeIgniter\Database\BaseConnection->query('SELECT *\nFROM `...', Array, false)
#4 /Users/suluh/Documents/GitHub/cendratama/ci/vendor/codeigniter4/framework/system/Model.php(840): CodeIgniter\Database\BaseBuilder->get()
#5 /Users/suluh/Documents/GitHub/cendratama/ci/app/Controllers/Home.php(15): CodeIgniter\Model->__call('get', Array)
#6 /Users/suluh/Documents/GitHub/cendratama/ci/vendor/codeigniter4/framework/system/CodeIgniter.php(934): App\Controllers\Home->menu()
#7 /Users/suluh/Documents/GitHub/cendratama/ci/vendor/codeigniter4/framework/system/CodeIgniter.php(499): CodeIgniter\CodeIgniter->runController(Object(App\Controllers\Home))
#8 /Users/suluh/Documents/GitHub/cendratama/ci/vendor/codeigniter4/framework/system/CodeIgniter.php(368): CodeIgniter\CodeIgniter->handleRequest(NULL, Object(Config\Cache), false)
#9 /Users/suluh/Documents/GitHub/cendratamapublic/index.php(67): CodeIgniter\CodeIgniter->run()
#10 {main}
CRITICAL - 2023-12-20 16:22:33 --> Table 'ci4.page' doesn't exist
in SYSTEMPATH/Database/BaseConnection.php on line 645.
 1 SYSTEMPATH/Database/BaseBuilder.php(1616): CodeIgniter\Database\BaseConnection->query('SELECT *
FROM `page`
WHERE `id` != :id:
AND `deleted_at` IS NULL', [...], false)
 2 SYSTEMPATH/Model.php(840): CodeIgniter\Database\BaseBuilder->get()
 3 APPPATH/Controllers/Home.php(15): CodeIgniter\Model->__call('get', [])
 4 SYSTEMPATH/CodeIgniter.php(934): App\Controllers\Home->menu()
 5 SYSTEMPATH/CodeIgniter.php(499): CodeIgniter\CodeIgniter->runController(Object(App\Controllers\Home))
 6 SYSTEMPATH/CodeIgniter.php(368): CodeIgniter\CodeIgniter->handleRequest(null, Object(Config\Cache), false)
 7 FCPATH/index.php(67): CodeIgniter\CodeIgniter->run()
ERROR - 2023-12-20 16:22:33 --> mysqli_sql_exception: Table 'ci4.slider' doesn't exist in /Users/suluh/Documents/GitHub/cendratama/ci/vendor/codeigniter4/framework/system/Database/MySQLi/Connection.php:295
Stack trace:
#0 /Users/suluh/Documents/GitHub/cendratama/ci/vendor/codeigniter4/framework/system/Database/MySQLi/Connection.php(295): mysqli->query('SELECT *\nFROM `...', 0)
#1 /Users/suluh/Documents/GitHub/cendratama/ci/vendor/codeigniter4/framework/system/Database/BaseConnection.php(691): CodeIgniter\Database\MySQLi\Connection->execute('SELECT *\nFROM `...')
#2 /Users/suluh/Documents/GitHub/cendratama/ci/vendor/codeigniter4/framework/system/Database/BaseConnection.php(605): CodeIgniter\Database\BaseConnection->simpleQuery('SELECT *\nFROM `...')
#3 /Users/suluh/Documents/GitHub/cendratama/ci/vendor/codeigniter4/framework/system/Database/BaseBuilder.php(1616): CodeIgniter\Database\BaseConnection->query('SELECT *\nFROM `...', Array, false)
#4 /Users/suluh/Documents/GitHub/cendratama/ci/vendor/codeigniter4/framework/system/Model.php(840): CodeIgniter\Database\BaseBuilder->get()
#5 /Users/suluh/Documents/GitHub/cendratama/ci/app/Controllers/Home.php(52): CodeIgniter\Model->__call('get', Array)
#6 /Users/suluh/Documents/GitHub/cendratama/ci/vendor/codeigniter4/framework/system/CodeIgniter.php(934): App\Controllers\Home->getSlider()
#7 /Users/suluh/Documents/GitHub/cendratama/ci/vendor/codeigniter4/framework/system/CodeIgniter.php(499): CodeIgniter\CodeIgniter->runController(Object(App\Controllers\Home))
#8 /Users/suluh/Documents/GitHub/cendratama/ci/vendor/codeigniter4/framework/system/CodeIgniter.php(368): CodeIgniter\CodeIgniter->handleRequest(NULL, Object(Config\Cache), false)
#9 /Users/suluh/Documents/GitHub/cendratamapublic/index.php(67): CodeIgniter\CodeIgniter->run()
#10 {main}
CRITICAL - 2023-12-20 16:22:33 --> Table 'ci4.slider' doesn't exist
in SYSTEMPATH/Database/BaseConnection.php on line 645.
 1 SYSTEMPATH/Database/BaseBuilder.php(1616): CodeIgniter\Database\BaseConnection->query('SELECT *
FROM `slider`
WHERE `status` = :status:
AND `deleted_at` IS NULL', [...], false)
 2 SYSTEMPATH/Model.php(840): CodeIgniter\Database\BaseBuilder->get()
 3 APPPATH/Controllers/Home.php(52): CodeIgniter\Model->__call('get', [])
 4 SYSTEMPATH/CodeIgniter.php(934): App\Controllers\Home->getSlider()
 5 SYSTEMPATH/CodeIgniter.php(499): CodeIgniter\CodeIgniter->runController(Object(App\Controllers\Home))
 6 SYSTEMPATH/CodeIgniter.php(368): CodeIgniter\CodeIgniter->handleRequest(null, Object(Config\Cache), false)
 7 FCPATH/index.php(67): CodeIgniter\CodeIgniter->run()
