CRITICAL - 2023-12-27 01:52:52 --> unlink(): http does not allow unlinking
in APPPATH/Controllers/StaticPages.php on line 435.
 1 [internal function]: CodeIgniter\Debug\Exceptions->errorHandler(2, 'unlink(): http does not allow unlinking', 'APPPATH/Controllers/StaticPages.php', 435)
 2 APPPATH/Controllers/StaticPages.php(435): unlink('http://cendratama.com/assets/upload/tinymce/image/1703616759_67851cdba9d4bc17073a.png')
 3 SYSTEMPATH/CodeIgniter.php(934): App\Controllers\StaticPages->deleteGambar()
 4 SYSTEMPATH/CodeIgniter.php(499): CodeIgniter\CodeIgniter->runController(Object(App\Controllers\StaticPages))
 5 SYSTEMPATH/CodeIgniter.php(368): CodeIgniter\CodeIgniter->handleRequest(null, Object(Config\Cache), false)
 6 FCPATH/index.php(67): CodeIgniter\CodeIgniter->run()
CRITICAL - 2023-12-27 01:53:01 --> unlink(): http does not allow unlinking
in APPPATH/Controllers/StaticPages.php on line 435.
 1 [internal function]: CodeIgniter\Debug\Exceptions->errorHandler(2, 'unlink(): http does not allow unlinking', 'APPPATH/Controllers/StaticPages.php', 435)
 2 APPPATH/Controllers/StaticPages.php(435): unlink('http://cendratama.com/assets/upload/tinymce/image/1703616759_67851cdba9d4bc17073a.png')
 3 SYSTEMPATH/CodeIgniter.php(934): App\Controllers\StaticPages->deleteGambar()
 4 SYSTEMPATH/CodeIgniter.php(499): CodeIgniter\CodeIgniter->runController(Object(App\Controllers\StaticPages))
 5 SYSTEMPATH/CodeIgniter.php(368): CodeIgniter\CodeIgniter->handleRequest(null, Object(Config\Cache), false)
 6 FCPATH/index.php(67): CodeIgniter\CodeIgniter->run()
CRITICAL - 2023-12-27 01:53:16 --> unlink(): http does not allow unlinking
in APPPATH/Controllers/StaticPages.php on line 435.
 1 [internal function]: CodeIgniter\Debug\Exceptions->errorHandler(2, 'unlink(): http does not allow unlinking', 'APPPATH/Controllers/StaticPages.php', 435)
 2 APPPATH/Controllers/StaticPages.php(435): unlink('http://cendratama.com/assets/upload/tinymce/image/1703616787_c276ed1ec09730264cdf.png')
 3 SYSTEMPATH/CodeIgniter.php(934): App\Controllers\StaticPages->deleteGambar()
 4 SYSTEMPATH/CodeIgniter.php(499): CodeIgniter\CodeIgniter->runController(Object(App\Controllers\StaticPages))
 5 SYSTEMPATH/CodeIgniter.php(368): CodeIgniter\CodeIgniter->handleRequest(null, Object(Config\Cache), false)
 6 FCPATH/index.php(67): CodeIgniter\CodeIgniter->run()
CRITICAL - 2023-12-27 01:53:30 --> unlink(): http does not allow unlinking
in APPPATH/Controllers/StaticPages.php on line 435.
 1 [internal function]: CodeIgniter\Debug\Exceptions->errorHandler(2, 'unlink(): http does not allow unlinking', 'APPPATH/Controllers/StaticPages.php', 435)
 2 APPPATH/Controllers/StaticPages.php(435): unlink('http://cendratama.com/assets/upload/tinymce/image/1703616787_c276ed1ec09730264cdf.png')
 3 SYSTEMPATH/CodeIgniter.php(934): App\Controllers\StaticPages->deleteGambar()
 4 SYSTEMPATH/CodeIgniter.php(499): CodeIgniter\CodeIgniter->runController(Object(App\Controllers\StaticPages))
 5 SYSTEMPATH/CodeIgniter.php(368): CodeIgniter\CodeIgniter->handleRequest(null, Object(Config\Cache), false)
 6 FCPATH/index.php(67): CodeIgniter\CodeIgniter->run()
CRITICAL - 2023-12-27 01:55:09 --> unlink(): http does not allow unlinking
in APPPATH/Controllers/StaticPages.php on line 435.
 1 [internal function]: CodeIgniter\Debug\Exceptions->errorHandler(2, 'unlink(): http does not allow unlinking', 'APPPATH/Controllers/StaticPages.php', 435)
 2 APPPATH/Controllers/StaticPages.php(435): unlink('http://cendratama.com/assets/upload/tinymce/image/1703616836_895e993a69d5b2eb09ce.jpeg')
 3 SYSTEMPATH/CodeIgniter.php(934): App\Controllers\StaticPages->deleteGambar()
 4 SYSTEMPATH/CodeIgniter.php(499): CodeIgniter\CodeIgniter->runController(Object(App\Controllers\StaticPages))
 5 SYSTEMPATH/CodeIgniter.php(368): CodeIgniter\CodeIgniter->handleRequest(null, Object(Config\Cache), false)
 6 FCPATH/index.php(67): CodeIgniter\CodeIgniter->run()
CRITICAL - 2023-12-27 01:55:11 --> unlink(): http does not allow unlinking
in APPPATH/Controllers/StaticPages.php on line 435.
 1 [internal function]: CodeIgniter\Debug\Exceptions->errorHandler(2, 'unlink(): http does not allow unlinking', 'APPPATH/Controllers/StaticPages.php', 435)
 2 APPPATH/Controllers/StaticPages.php(435): unlink('http://cendratama.com/assets/upload/tinymce/image/1703616836_895e993a69d5b2eb09ce.jpeg')
 3 SYSTEMPATH/CodeIgniter.php(934): App\Controllers\StaticPages->deleteGambar()
 4 SYSTEMPATH/CodeIgniter.php(499): CodeIgniter\CodeIgniter->runController(Object(App\Controllers\StaticPages))
 5 SYSTEMPATH/CodeIgniter.php(368): CodeIgniter\CodeIgniter->handleRequest(null, Object(Config\Cache), false)
 6 FCPATH/index.php(67): CodeIgniter\CodeIgniter->run()
ERROR - 2023-12-27 13:43:06 --> mysqli_sql_exception: You have an error in your SQL syntax; check the manual that corresponds to your MySQL server version for the right syntax to use near '!' at line 3 in /Users/suluh/Documents/GitHub/cendratama/ci/vendor/codeigniter4/framework/system/Database/MySQLi/Connection.php:295
Stack trace:
#0 /Users/suluh/Documents/GitHub/cendratama/ci/vendor/codeigniter4/framework/system/Database/MySQLi/Connection.php(295): mysqli->query('SELECT *\nFROM `...', 0)
#1 /Users/suluh/Documents/GitHub/cendratama/ci/vendor/codeigniter4/framework/system/Database/BaseConnection.php(691): CodeIgniter\Database\MySQLi\Connection->execute('SELECT *\nFROM `...')
#2 /Users/suluh/Documents/GitHub/cendratama/ci/vendor/codeigniter4/framework/system/Database/BaseConnection.php(605): CodeIgniter\Database\BaseConnection->simpleQuery('SELECT *\nFROM `...')
#3 /Users/suluh/Documents/GitHub/cendratama/ci/vendor/codeigniter4/framework/system/Database/BaseBuilder.php(1616): CodeIgniter\Database\BaseConnection->query('SELECT *\nFROM `...', Array, false)
#4 /Users/suluh/Documents/GitHub/cendratama/ci/vendor/codeigniter4/framework/system/Model.php(840): CodeIgniter\Database\BaseBuilder->get()
#5 /Users/suluh/Documents/GitHub/cendratama/ci/app/Controllers/Product.php(144): CodeIgniter\Model->__call('get', Array)
#6 /Users/suluh/Documents/GitHub/cendratama/ci/vendor/codeigniter4/framework/system/CodeIgniter.php(934): App\Controllers\Product->deleted_group()
#7 /Users/suluh/Documents/GitHub/cendratama/ci/vendor/codeigniter4/framework/system/CodeIgniter.php(499): CodeIgniter\CodeIgniter->runController(Object(App\Controllers\Product))
#8 /Users/suluh/Documents/GitHub/cendratama/ci/vendor/codeigniter4/framework/system/CodeIgniter.php(368): CodeIgniter\CodeIgniter->handleRequest(NULL, Object(Config\Cache), false)
#9 /Users/suluh/Documents/GitHub/public/index.php(67): CodeIgniter\CodeIgniter->run()
#10 {main}
CRITICAL - 2023-12-27 13:43:06 --> You have an error in your SQL syntax; check the manual that corresponds to your MySQL server version for the right syntax to use near '!' at line 3
in SYSTEMPATH/Database/BaseConnection.php on line 645.
 1 SYSTEMPATH/Database/BaseBuilder.php(1616): CodeIgniter\Database\BaseConnection->query('SELECT *
FROM `product_group`
WHERE deleted_at!', [], false)
 2 SYSTEMPATH/Model.php(840): CodeIgniter\Database\BaseBuilder->get()
 3 APPPATH/Controllers/Product.php(144): CodeIgniter\Model->__call('get', [])
 4 SYSTEMPATH/CodeIgniter.php(934): App\Controllers\Product->deleted_group()
 5 SYSTEMPATH/CodeIgniter.php(499): CodeIgniter\CodeIgniter->runController(Object(App\Controllers\Product))
 6 SYSTEMPATH/CodeIgniter.php(368): CodeIgniter\CodeIgniter->handleRequest(null, Object(Config\Cache), false)
 7 FCPATH/index.php(67): CodeIgniter\CodeIgniter->run()
ERROR - 2023-12-27 14:59:12 --> mysqli_sql_exception: Expression #1 of SELECT list is not in GROUP BY clause and contains nonaggregated column 'ci4.category.id' which is not functionally dependent on columns in GROUP BY clause; this is incompatible with sql_mode=only_full_group_by in /Users/suluh/Documents/GitHub/cendratama/ci/vendor/codeigniter4/framework/system/Database/MySQLi/Connection.php:295
Stack trace:
#0 /Users/suluh/Documents/GitHub/cendratama/ci/vendor/codeigniter4/framework/system/Database/MySQLi/Connection.php(295): mysqli->query('SELECT `categor...', 0)
#1 /Users/suluh/Documents/GitHub/cendratama/ci/vendor/codeigniter4/framework/system/Database/BaseConnection.php(691): CodeIgniter\Database\MySQLi\Connection->execute('SELECT `categor...')
#2 /Users/suluh/Documents/GitHub/cendratama/ci/vendor/codeigniter4/framework/system/Database/BaseConnection.php(605): CodeIgniter\Database\BaseConnection->simpleQuery('SELECT `categor...')
#3 /Users/suluh/Documents/GitHub/cendratama/ci/vendor/codeigniter4/framework/system/Database/BaseBuilder.php(1616): CodeIgniter\Database\BaseConnection->query('SELECT `categor...', Array, false)
#4 /Users/suluh/Documents/GitHub/cendratama/ci/vendor/codeigniter4/framework/system/Model.php(840): CodeIgniter\Database\BaseBuilder->get()
#5 /Users/suluh/Documents/GitHub/cendratama/ci/app/Controllers/Pages.php(187): CodeIgniter\Model->__call('get', Array)
#6 /Users/suluh/Documents/GitHub/cendratama/ci/vendor/codeigniter4/framework/system/CodeIgniter.php(934): App\Controllers\Pages->cat_list()
#7 /Users/suluh/Documents/GitHub/cendratama/ci/vendor/codeigniter4/framework/system/CodeIgniter.php(499): CodeIgniter\CodeIgniter->runController(Object(App\Controllers\Pages))
#8 /Users/suluh/Documents/GitHub/cendratama/ci/vendor/codeigniter4/framework/system/CodeIgniter.php(368): CodeIgniter\CodeIgniter->handleRequest(NULL, Object(Config\Cache), false)
#9 /Users/suluh/Documents/GitHub/public/index.php(67): CodeIgniter\CodeIgniter->run()
#10 {main}
CRITICAL - 2023-12-27 14:59:12 --> Expression #1 of SELECT list is not in GROUP BY clause and contains nonaggregated column 'ci4.category.id' which is not functionally dependent on columns in GROUP BY clause; this is incompatible with sql_mode=only_full_group_by
in SYSTEMPATH/Database/BaseConnection.php on line 645.
 1 SYSTEMPATH/Database/BaseBuilder.php(1616): CodeIgniter\Database\BaseConnection->query('SELECT `category`.`id` as `cat_id`, `category`.`page_id` as `page_id`, `category`.`category` as `category`, JSON_ARRAYAGG(sub_category.id) as sub_cat_id, JSON_ARRAYAGG(sub_category.sub_category)  as sub_category
FROM `category`
LEFT JOIN `sub_category` ON `category`.`id` =`sub_category`.`category_id`
WHERE `page_id` = :page_id:
GROUP BY `category`.`category`', [...], false)
 2 SYSTEMPATH/Model.php(840): CodeIgniter\Database\BaseBuilder->get()
 3 APPPATH/Controllers/Pages.php(187): CodeIgniter\Model->__call('get', [])
 4 SYSTEMPATH/CodeIgniter.php(934): App\Controllers\Pages->cat_list()
 5 SYSTEMPATH/CodeIgniter.php(499): CodeIgniter\CodeIgniter->runController(Object(App\Controllers\Pages))
 6 SYSTEMPATH/CodeIgniter.php(368): CodeIgniter\CodeIgniter->handleRequest(null, Object(Config\Cache), false)
 7 FCPATH/index.php(67): CodeIgniter\CodeIgniter->run()
